{"level":"info","message":"Redis retry attempt 1, waiting 50ms","timestamp":"2025-07-19T18:38:36.217Z"}
{"level":"warn","message":"Redis connection closed","timestamp":"2025-07-19T18:38:36.219Z"}
{"level":"info","message":"Redis reconnecting in 50ms","timestamp":"2025-07-19T18:38:36.220Z"}
{"address":"127.0.0.1","code":"ECONNREFUSED","errno":-111,"level":"error","message":"Redis connection error: connect ECONNREFUSED 127.0.0.1:6379","port":6379,"stack":"Error: connect ECONNREFUSED 127.0.0.1:6379\n    at TCPConnectWrap.afterConnect [as oncomplete] (node:net:1636:16)","syscall":"connect","timestamp":"2025-07-19T18:38:36.271Z"}
{"level":"info","message":"Redis retry attempt 2, waiting 100ms","timestamp":"2025-07-19T18:38:36.274Z"}
{"level":"warn","message":"Redis connection closed","timestamp":"2025-07-19T18:38:36.274Z"}
{"level":"info","message":"Redis reconnecting in 100ms","timestamp":"2025-07-19T18:38:36.274Z"}
{"address":"127.0.0.1","code":"ECONNREFUSED","errno":-111,"level":"error","message":"Redis connection error: connect ECONNREFUSED 127.0.0.1:6379","port":6379,"stack":"Error: connect ECONNREFUSED 127.0.0.1:6379\n    at TCPConnectWrap.afterConnect [as oncomplete] (node:net:1636:16)","syscall":"connect","timestamp":"2025-07-19T18:38:36.375Z"}
{"level":"info","message":"Redis retry attempt 3, waiting 150ms","timestamp":"2025-07-19T18:38:36.377Z"}
{"level":"warn","message":"Redis connection closed","timestamp":"2025-07-19T18:38:36.377Z"}
{"level":"info","message":"Redis reconnecting in 150ms","timestamp":"2025-07-19T18:38:36.377Z"}
{"address":"127.0.0.1","code":"ECONNREFUSED","errno":-111,"level":"error","message":"Redis connection error: connect ECONNREFUSED 127.0.0.1:6379","port":6379,"stack":"Error: connect ECONNREFUSED 127.0.0.1:6379\n    at TCPConnectWrap.afterConnect [as oncomplete] (node:net:1636:16)","syscall":"connect","timestamp":"2025-07-19T18:38:36.529Z"}
{"level":"info","message":"Redis retry attempt 4, waiting 200ms","timestamp":"2025-07-19T18:38:36.531Z"}
{"level":"warn","message":"Redis connection closed","timestamp":"2025-07-19T18:38:36.532Z"}
{"level":"info","message":"Redis reconnecting in 200ms","timestamp":"2025-07-19T18:38:36.532Z"}
{"address":"127.0.0.1","code":"ECONNREFUSED","errno":-111,"level":"error","message":"Redis connection error: connect ECONNREFUSED 127.0.0.1:6379","port":6379,"stack":"Error: connect ECONNREFUSED 127.0.0.1:6379\n    at TCPConnectWrap.afterConnect [as oncomplete] (node:net:1636:16)","syscall":"connect","timestamp":"2025-07-19T18:38:36.733Z"}
{"level":"info","message":"Redis retry attempt 5, waiting 250ms","timestamp":"2025-07-19T18:38:36.735Z"}
{"level":"warn","message":"Redis connection closed","timestamp":"2025-07-19T18:38:36.735Z"}
{"level":"info","message":"Redis reconnecting in 250ms","timestamp":"2025-07-19T18:38:36.735Z"}
{"address":"127.0.0.1","code":"ECONNREFUSED","errno":-111,"level":"error","message":"Redis connection error: connect ECONNREFUSED 127.0.0.1:6379","port":6379,"stack":"Error: connect ECONNREFUSED 127.0.0.1:6379\n    at TCPConnectWrap.afterConnect [as oncomplete] (node:net:1636:16)","syscall":"connect","timestamp":"2025-07-19T18:38:36.987Z"}
{"level":"info","message":"Redis retry attempt 6, waiting 300ms","timestamp":"2025-07-19T18:38:36.990Z"}
{"level":"warn","message":"Redis connection closed","timestamp":"2025-07-19T18:38:36.990Z"}
{"level":"info","message":"Redis reconnecting in 300ms","timestamp":"2025-07-19T18:38:36.990Z"}
{"address":"127.0.0.1","code":"ECONNREFUSED","errno":-111,"level":"error","message":"Redis connection error: connect ECONNREFUSED 127.0.0.1:6379","port":6379,"stack":"Error: connect ECONNREFUSED 127.0.0.1:6379\n    at TCPConnectWrap.afterConnect [as oncomplete] (node:net:1636:16)","syscall":"connect","timestamp":"2025-07-19T18:38:37.293Z"}
{"level":"info","message":"Redis retry attempt 7, waiting 350ms","timestamp":"2025-07-19T18:38:37.295Z"}
{"level":"warn","message":"Redis connection closed","timestamp":"2025-07-19T18:38:37.296Z"}
{"level":"info","message":"Redis reconnecting in 350ms","timestamp":"2025-07-19T18:38:37.296Z"}
{"address":"127.0.0.1","code":"ECONNREFUSED","errno":-111,"level":"error","message":"Redis connection error: connect ECONNREFUSED 127.0.0.1:6379","port":6379,"stack":"Error: connect ECONNREFUSED 127.0.0.1:6379\n    at TCPConnectWrap.afterConnect [as oncomplete] (node:net:1636:16)","syscall":"connect","timestamp":"2025-07-19T18:38:37.647Z"}
{"level":"info","message":"Redis retry attempt 8, waiting 400ms","timestamp":"2025-07-19T18:38:37.650Z"}
{"level":"warn","message":"Redis connection closed","timestamp":"2025-07-19T18:38:37.651Z"}
{"level":"info","message":"Redis reconnecting in 400ms","timestamp":"2025-07-19T18:38:37.651Z"}
{"address":"127.0.0.1","code":"ECONNREFUSED","errno":-111,"level":"error","message":"Redis connection error: connect ECONNREFUSED 127.0.0.1:6379","port":6379,"stack":"Error: connect ECONNREFUSED 127.0.0.1:6379\n    at TCPConnectWrap.afterConnect [as oncomplete] (node:net:1636:16)","syscall":"connect","timestamp":"2025-07-19T18:38:38.053Z"}
{"level":"info","message":"Redis retry attempt 9, waiting 450ms","timestamp":"2025-07-19T18:38:38.055Z"}
{"level":"warn","message":"Redis connection closed","timestamp":"2025-07-19T18:38:38.055Z"}
{"level":"info","message":"Redis reconnecting in 450ms","timestamp":"2025-07-19T18:38:38.056Z"}
{"address":"127.0.0.1","code":"ECONNREFUSED","errno":-111,"level":"error","message":"Redis connection error: connect ECONNREFUSED 127.0.0.1:6379","port":6379,"stack":"Error: connect ECONNREFUSED 127.0.0.1:6379\n    at TCPConnectWrap.afterConnect [as oncomplete] (node:net:1636:16)","syscall":"connect","timestamp":"2025-07-19T18:38:38.507Z"}
{"level":"info","message":"Redis retry attempt 10, waiting 500ms","timestamp":"2025-07-19T18:38:38.509Z"}
{"level":"warn","message":"Redis connection closed","timestamp":"2025-07-19T18:38:38.509Z"}
{"level":"info","message":"Redis reconnecting in 500ms","timestamp":"2025-07-19T18:38:38.510Z"}
{"address":"127.0.0.1","code":"ECONNREFUSED","errno":-111,"level":"error","message":"Redis connection error: connect ECONNREFUSED 127.0.0.1:6379","port":6379,"stack":"Error: connect ECONNREFUSED 127.0.0.1:6379\n    at TCPConnectWrap.afterConnect [as oncomplete] (node:net:1636:16)","syscall":"connect","timestamp":"2025-07-19T18:38:39.011Z"}
{"level":"info","message":"Redis retry attempt 11, waiting 550ms","timestamp":"2025-07-19T18:38:39.014Z"}
{"level":"warn","message":"Redis connection closed","timestamp":"2025-07-19T18:38:39.014Z"}
{"level":"info","message":"Redis reconnecting in 550ms","timestamp":"2025-07-19T18:38:39.014Z"}
{"address":"127.0.0.1","code":"ECONNREFUSED","errno":-111,"level":"error","message":"Redis connection error: connect ECONNREFUSED 127.0.0.1:6379","port":6379,"stack":"Error: connect ECONNREFUSED 127.0.0.1:6379\n    at TCPConnectWrap.afterConnect [as oncomplete] (node:net:1636:16)","syscall":"connect","timestamp":"2025-07-19T18:38:39.566Z"}
{"level":"info","message":"Redis retry attempt 12, waiting 600ms","timestamp":"2025-07-19T18:38:39.570Z"}
{"level":"warn","message":"Redis connection closed","timestamp":"2025-07-19T18:38:39.570Z"}
{"level":"info","message":"Redis reconnecting in 600ms","timestamp":"2025-07-19T18:38:39.570Z"}
{"address":"127.0.0.1","code":"ECONNREFUSED","errno":-111,"level":"error","message":"Redis connection error: connect ECONNREFUSED 127.0.0.1:6379","port":6379,"stack":"Error: connect ECONNREFUSED 127.0.0.1:6379\n    at TCPConnectWrap.afterConnect [as oncomplete] (node:net:1636:16)","syscall":"connect","timestamp":"2025-07-19T18:38:40.173Z"}
{"level":"info","message":"Redis retry attempt 13, waiting 650ms","timestamp":"2025-07-19T18:38:40.175Z"}
{"level":"warn","message":"Redis connection closed","timestamp":"2025-07-19T18:38:40.175Z"}
{"level":"info","message":"Redis reconnecting in 650ms","timestamp":"2025-07-19T18:38:40.175Z"}
{"address":"127.0.0.1","code":"ECONNREFUSED","errno":-111,"level":"error","message":"Redis connection error: connect ECONNREFUSED 127.0.0.1:6379","port":6379,"stack":"Error: connect ECONNREFUSED 127.0.0.1:6379\n    at TCPConnectWrap.afterConnect [as oncomplete] (node:net:1636:16)","syscall":"connect","timestamp":"2025-07-19T18:38:40.827Z"}
{"level":"info","message":"Redis retry attempt 14, waiting 700ms","timestamp":"2025-07-19T18:38:40.829Z"}
{"level":"warn","message":"Redis connection closed","timestamp":"2025-07-19T18:38:40.830Z"}
{"level":"info","message":"Redis reconnecting in 700ms","timestamp":"2025-07-19T18:38:40.830Z"}
{"address":"127.0.0.1","code":"ECONNREFUSED","errno":-111,"level":"error","message":"Redis connection error: connect ECONNREFUSED 127.0.0.1:6379","port":6379,"stack":"Error: connect ECONNREFUSED 127.0.0.1:6379\n    at TCPConnectWrap.afterConnect [as oncomplete] (node:net:1636:16)","syscall":"connect","timestamp":"2025-07-19T18:38:41.531Z"}
{"level":"info","message":"Redis retry attempt 15, waiting 750ms","timestamp":"2025-07-19T18:38:41.533Z"}
{"level":"warn","message":"Redis connection closed","timestamp":"2025-07-19T18:38:41.534Z"}
{"level":"info","message":"Redis reconnecting in 750ms","timestamp":"2025-07-19T18:38:41.534Z"}
{"address":"127.0.0.1","code":"ECONNREFUSED","errno":-111,"level":"error","message":"Redis connection error: connect ECONNREFUSED 127.0.0.1:6379","port":6379,"stack":"Error: connect ECONNREFUSED 127.0.0.1:6379\n    at TCPConnectWrap.afterConnect [as oncomplete] (node:net:1636:16)","syscall":"connect","timestamp":"2025-07-19T18:38:42.286Z"}
{"level":"info","message":"Redis retry attempt 16, waiting 800ms","timestamp":"2025-07-19T18:38:42.288Z"}
{"level":"warn","message":"Redis connection closed","timestamp":"2025-07-19T18:38:42.288Z"}
{"level":"info","message":"Redis reconnecting in 800ms","timestamp":"2025-07-19T18:38:42.288Z"}
{"address":"127.0.0.1","code":"ECONNREFUSED","errno":-111,"level":"error","message":"Redis connection error: connect ECONNREFUSED 127.0.0.1:6379","port":6379,"stack":"Error: connect ECONNREFUSED 127.0.0.1:6379\n    at TCPConnectWrap.afterConnect [as oncomplete] (node:net:1636:16)","syscall":"connect","timestamp":"2025-07-19T18:38:43.091Z"}
{"level":"info","message":"Redis retry attempt 17, waiting 850ms","timestamp":"2025-07-19T18:38:43.092Z"}
{"level":"warn","message":"Redis connection closed","timestamp":"2025-07-19T18:38:43.092Z"}
{"level":"info","message":"Redis reconnecting in 850ms","timestamp":"2025-07-19T18:38:43.092Z"}
{"address":"127.0.0.1","code":"ECONNREFUSED","errno":-111,"level":"error","message":"Redis connection error: connect ECONNREFUSED 127.0.0.1:6379","port":6379,"stack":"Error: connect ECONNREFUSED 127.0.0.1:6379\n    at TCPConnectWrap.afterConnect [as oncomplete] (node:net:1636:16)","syscall":"connect","timestamp":"2025-07-19T18:38:43.944Z"}
{"level":"info","message":"Redis retry attempt 18, waiting 900ms","timestamp":"2025-07-19T18:38:43.946Z"}
{"level":"warn","message":"Redis connection closed","timestamp":"2025-07-19T18:38:43.947Z"}
{"level":"info","message":"Redis reconnecting in 900ms","timestamp":"2025-07-19T18:38:43.947Z"}
{"level":"info","message":"Redis connecting...","timestamp":"2025-07-19T18:53:25.980Z"}
{"level":"info","message":"Redis connection ready","timestamp":"2025-07-19T18:53:25.985Z"}
{"level":"info","message":"✅ Redis connected successfully","timestamp":"2025-07-19T18:53:25.986Z"}
{"level":"info","message":"Redis connecting...","timestamp":"2025-07-19T19:04:54.614Z"}
{"level":"info","message":"Redis connection ready","timestamp":"2025-07-19T19:04:54.629Z"}
{"level":"info","message":"Redis connecting...","timestamp":"2025-07-19T19:10:49.055Z"}
{"level":"info","message":"Redis connection ready","timestamp":"2025-07-19T19:10:49.059Z"}
{"level":"info","message":"✅ Redis connected successfully","timestamp":"2025-07-19T19:10:49.061Z"}
{"level":"info","message":"Redis connecting...","timestamp":"2025-07-19T19:25:32.244Z"}
{"level":"info","message":"Redis connection ready","timestamp":"2025-07-19T19:25:32.249Z"}
{"level":"info","message":"✅ Redis connected successfully","timestamp":"2025-07-19T19:25:32.250Z"}
{"level":"info","message":"Redis connecting...","timestamp":"2025-07-19T20:01:13.822Z"}
{"level":"info","message":"Redis connection ready","timestamp":"2025-07-19T20:01:13.831Z"}
{"level":"info","message":"Redis connecting...","timestamp":"2025-07-19T20:04:18.339Z"}
{"level":"info","message":"Redis connection ready","timestamp":"2025-07-19T20:04:18.343Z"}
{"level":"info","message":"✅ Redis connected successfully","timestamp":"2025-07-19T20:04:18.344Z"}
{"level":"info","message":"Redis connecting...","timestamp":"2025-07-19T20:08:33.545Z"}
{"level":"info","message":"Redis connection ready","timestamp":"2025-07-19T20:08:33.557Z"}
{"level":"info","message":"✅ Redis connected successfully","timestamp":"2025-07-19T20:08:33.560Z"}
{"level":"info","message":"Redis connecting...","timestamp":"2025-07-19T20:15:43.784Z"}
{"level":"info","message":"Redis connection ready","timestamp":"2025-07-19T20:15:43.791Z"}
{"level":"info","message":"✅ Redis connected successfully","timestamp":"2025-07-19T20:15:43.793Z"}
{"level":"info","message":"Redis connecting...","timestamp":"2025-07-19T20:22:03.349Z"}
{"level":"info","message":"Redis connection ready","timestamp":"2025-07-19T20:22:03.357Z"}
{"level":"info","message":"✅ Redis connected successfully","timestamp":"2025-07-19T20:22:03.359Z"}
{"level":"info","message":"Starting server initialization...","timestamp":"2025-07-20T07:06:53.821Z"}
{"level":"info","message":"Connected to MongoDB: mongodb://localhost:27017/secure-auth-full-stack","timestamp":"2025-07-20T07:06:53.903Z"}
{"level":"info","message":"Redis connecting...","timestamp":"2025-07-20T07:06:53.920Z"}
{"level":"info","message":"Redis connection ready","timestamp":"2025-07-20T07:06:53.927Z"}
{"level":"info","message":"✅ Redis connected successfully","timestamp":"2025-07-20T07:06:53.929Z"}
{"level":"info","message":"Redis initialized successfully","timestamp":"2025-07-20T07:06:53.929Z"}
{"level":"info","message":"🚀 Server is running on port 9000","timestamp":"2025-07-20T07:06:53.933Z"}
{"level":"info","message":"📊 Environment: development","timestamp":"2025-07-20T07:06:53.935Z"}
{"level":"info","message":"💾 Database is connected to MongoDB","timestamp":"2025-07-20T07:06:53.935Z"}
{"level":"info","message":"🔴 Redis is connected and ready","timestamp":"2025-07-20T07:06:53.936Z"}
{"level":"info","message":"📍 Health check available at: http://localhost:9000/health","timestamp":"2025-07-20T07:06:53.936Z"}
{"level":"info","message":"🔗 API base URL: http://localhost:9000/api","timestamp":"2025-07-20T07:06:53.937Z"}
{"level":"info","message":"Server listening on port 9000","timestamp":"2025-07-20T07:06:53.937Z"}
{"level":"info","message":"Starting server initialization...","timestamp":"2025-07-20T07:08:05.821Z"}
{"level":"info","message":"Connected to MongoDB: mongodb://localhost:27017/secure-auth-full-stack","timestamp":"2025-07-20T07:08:05.913Z"}
{"level":"info","message":"Redis connecting...","timestamp":"2025-07-20T07:08:05.932Z"}
{"level":"info","message":"Redis connection ready","timestamp":"2025-07-20T07:08:05.940Z"}
{"level":"info","message":"✅ Redis connected successfully","timestamp":"2025-07-20T07:08:05.942Z"}
{"level":"info","message":"Redis initialized successfully","timestamp":"2025-07-20T07:08:05.943Z"}
{"level":"info","message":"🚀 Server is running on port 9000","timestamp":"2025-07-20T07:08:05.949Z"}
{"level":"info","message":"📊 Environment: development","timestamp":"2025-07-20T07:08:05.950Z"}
{"level":"info","message":"💾 Database is connected to MongoDB","timestamp":"2025-07-20T07:08:05.951Z"}
{"level":"info","message":"🔴 Redis is connected and ready","timestamp":"2025-07-20T07:08:05.951Z"}
{"level":"info","message":"📍 Health check available at: http://localhost:9000/health","timestamp":"2025-07-20T07:08:05.952Z"}
{"level":"info","message":"🔗 API base URL: http://localhost:9000/api","timestamp":"2025-07-20T07:08:05.952Z"}
{"level":"info","message":"Server listening on port 9000","timestamp":"2025-07-20T07:08:05.953Z"}
{"level":"info","message":"Received SIGTERM. Starting graceful shutdown...","timestamp":"2025-07-20T07:09:02.589Z"}
{"level":"error","message":"Could not close connections in time, forcefully shutting down","timestamp":"2025-07-20T07:09:12.593Z"}
{"level":"info","message":"Starting server initialization...","timestamp":"2025-07-20T07:14:56.742Z"}
{"level":"info","message":"Connected to MongoDB: mongodb://localhost:27017/secure-auth-full-stack","timestamp":"2025-07-20T07:14:56.818Z"}
{"level":"info","message":"Redis connecting...","timestamp":"2025-07-20T07:14:56.837Z"}
{"level":"info","message":"Redis connection ready","timestamp":"2025-07-20T07:14:56.841Z"}
{"level":"info","message":"✅ Redis connected successfully","timestamp":"2025-07-20T07:14:56.842Z"}
{"level":"info","message":"Redis initialized successfully","timestamp":"2025-07-20T07:14:56.843Z"}
{"level":"info","message":"🚀 Server is running on port 9000","timestamp":"2025-07-20T07:14:56.846Z"}
{"level":"info","message":"📊 Environment: development","timestamp":"2025-07-20T07:14:56.847Z"}
{"level":"info","message":"💾 Database is connected to MongoDB","timestamp":"2025-07-20T07:14:56.848Z"}
{"level":"info","message":"🔴 Redis is connected and ready","timestamp":"2025-07-20T07:14:56.849Z"}
{"level":"info","message":"📍 Health check available at: http://localhost:9000/health","timestamp":"2025-07-20T07:14:56.849Z"}
{"level":"info","message":"🔗 API base URL: http://localhost:9000/api","timestamp":"2025-07-20T07:14:56.849Z"}
{"level":"info","message":"Server listening on port 9000","timestamp":"2025-07-20T07:14:56.850Z"}
{"level":"info","message":"Starting server initialization...","timestamp":"2025-07-20T07:18:34.152Z"}
{"level":"info","message":"Connected to MongoDB: mongodb://localhost:27017/secure-auth-full-stack","timestamp":"2025-07-20T07:18:34.232Z"}
{"level":"info","message":"Redis connecting...","timestamp":"2025-07-20T07:18:34.265Z"}
{"level":"info","message":"Redis connection ready","timestamp":"2025-07-20T07:18:34.274Z"}
{"level":"info","message":"✅ Redis connected successfully","timestamp":"2025-07-20T07:18:34.282Z"}
{"level":"info","message":"Redis initialized successfully","timestamp":"2025-07-20T07:18:34.283Z"}
{"level":"info","message":"🚀 Server is running on port 9000","timestamp":"2025-07-20T07:18:34.288Z"}
{"level":"info","message":"📊 Environment: development","timestamp":"2025-07-20T07:18:34.290Z"}
{"level":"info","message":"💾 Database is connected to MongoDB","timestamp":"2025-07-20T07:18:34.290Z"}
{"level":"info","message":"🔴 Redis is connected and ready","timestamp":"2025-07-20T07:18:34.292Z"}
{"level":"info","message":"📍 Health check available at: http://localhost:9000/health","timestamp":"2025-07-20T07:18:34.293Z"}
{"level":"info","message":"🔗 API base URL: http://localhost:9000/api","timestamp":"2025-07-20T07:18:34.293Z"}
{"level":"info","message":"Server listening on port 9000","timestamp":"2025-07-20T07:18:34.294Z"}
{"level":"info","message":"Received SIGTERM. Starting graceful shutdown...","timestamp":"2025-07-20T07:18:41.158Z"}
{"level":"info","message":"HTTP server closed","timestamp":"2025-07-20T07:18:41.160Z"}
{"level":"warn","message":"MongoDB disconnected","timestamp":"2025-07-20T07:18:41.177Z"}
{"level":"info","message":"MongoDB connection closed","timestamp":"2025-07-20T07:18:41.178Z"}
{"level":"info","message":"Starting server initialization...","timestamp":"2025-07-20T07:19:51.651Z"}
{"level":"info","message":"Connected to MongoDB: mongodb://localhost:27017/secure-auth-full-stack","timestamp":"2025-07-20T07:19:51.719Z"}
{"level":"info","message":"Redis connecting...","timestamp":"2025-07-20T07:19:51.747Z"}
{"level":"info","message":"Redis connection ready","timestamp":"2025-07-20T07:19:51.759Z"}
{"level":"info","message":"✅ Redis connected successfully","timestamp":"2025-07-20T07:19:51.768Z"}
{"level":"info","message":"Redis initialized successfully","timestamp":"2025-07-20T07:19:51.769Z"}
{"level":"info","message":"🚀 Server is running on port 9000","timestamp":"2025-07-20T07:19:51.774Z"}
{"level":"info","message":"📊 Environment: development","timestamp":"2025-07-20T07:19:51.776Z"}
{"level":"info","message":"💾 Database is connected to MongoDB","timestamp":"2025-07-20T07:19:51.776Z"}
{"level":"info","message":"🔴 Redis is connected and ready","timestamp":"2025-07-20T07:19:51.777Z"}
{"level":"info","message":"📍 Health check available at: http://localhost:9000/health","timestamp":"2025-07-20T07:19:51.778Z"}
{"level":"info","message":"🔗 API base URL: http://localhost:9000/api","timestamp":"2025-07-20T07:19:51.778Z"}
{"level":"info","message":"Server listening on port 9000","timestamp":"2025-07-20T07:19:51.779Z"}
{"level":"info","message":"Starting server initialization...","timestamp":"2025-07-20T07:29:37.934Z"}
{"level":"info","message":"Connected to MongoDB: mongodb://localhost:27017/secure-auth-full-stack","timestamp":"2025-07-20T07:29:37.963Z"}
{"level":"info","message":"Redis connecting...","timestamp":"2025-07-20T07:29:37.966Z"}
{"level":"info","message":"Redis connection ready","timestamp":"2025-07-20T07:29:37.970Z"}
{"level":"info","message":"✅ Redis connected successfully","timestamp":"2025-07-20T07:29:37.971Z"}
{"level":"info","message":"Redis initialized successfully","timestamp":"2025-07-20T07:29:37.971Z"}
{"level":"error","message":"Failed to start server: app.listen is not a function","stack":"TypeError: app.listen is not a function\n    at startServer (/home/shams/E-DRIVE/Learning/full-stack-auth/backend/server.js:132:24)\n    at process.processTicksAndRejections (node:internal/process/task_queues:105:5)","timestamp":"2025-07-20T07:29:37.972Z"}
{"level":"warn","message":"MongoDB disconnected","timestamp":"2025-07-20T07:29:37.977Z"}
{"level":"info","message":"Starting server initialization...","timestamp":"2025-07-20T08:17:59.271Z"}
{"level":"info","message":"Connected to MongoDB: mongodb://localhost:27017/secure-auth-full-stack","timestamp":"2025-07-20T08:17:59.295Z"}
{"level":"info","message":"Redis connecting...","timestamp":"2025-07-20T08:17:59.305Z"}
{"level":"info","message":"Redis connection ready","timestamp":"2025-07-20T08:17:59.310Z"}
{"level":"info","message":"✅ Redis connected successfully","timestamp":"2025-07-20T08:17:59.316Z"}
{"level":"info","message":"Redis initialized successfully","timestamp":"2025-07-20T08:17:59.317Z"}
{"level":"info","message":"🚀 Server is running on port 9000","timestamp":"2025-07-20T08:17:59.322Z"}
{"level":"info","message":"📊 Environment: development","timestamp":"2025-07-20T08:17:59.323Z"}
{"level":"info","message":"💾 Database is connected to MongoDB","timestamp":"2025-07-20T08:17:59.324Z"}
{"level":"info","message":"🔴 Redis is connected and ready","timestamp":"2025-07-20T08:17:59.325Z"}
{"level":"info","message":"📍 Health check available at: http://localhost:9000/health","timestamp":"2025-07-20T08:17:59.326Z"}
{"level":"info","message":"🔗 API base URL: http://localhost:9000/api","timestamp":"2025-07-20T08:17:59.326Z"}
{"level":"info","message":"Server listening on port 9000","timestamp":"2025-07-20T08:17:59.327Z"}
{"level":"info","message":"Starting server initialization...","timestamp":"2025-07-20T08:19:18.239Z"}
{"level":"info","message":"Connected to MongoDB: mongodb://localhost:27017/secure-auth-full-stack","timestamp":"2025-07-20T08:19:18.261Z"}
{"level":"info","message":"Redis connecting...","timestamp":"2025-07-20T08:19:18.269Z"}
{"level":"info","message":"Redis connection ready","timestamp":"2025-07-20T08:19:18.272Z"}
{"level":"info","message":"✅ Redis connected successfully","timestamp":"2025-07-20T08:19:18.273Z"}
{"level":"info","message":"Redis initialized successfully","timestamp":"2025-07-20T08:19:18.273Z"}
{"level":"info","message":"🚀 Server is running on port 9000","timestamp":"2025-07-20T08:19:18.275Z"}
{"level":"info","message":"📊 Environment: development","timestamp":"2025-07-20T08:19:18.275Z"}
{"level":"info","message":"💾 Database is connected to MongoDB","timestamp":"2025-07-20T08:19:18.275Z"}
{"level":"info","message":"🔴 Redis is connected and ready","timestamp":"2025-07-20T08:19:18.275Z"}
{"level":"info","message":"📍 Health check available at: http://localhost:9000/health","timestamp":"2025-07-20T08:19:18.275Z"}
{"level":"info","message":"🔗 API base URL: http://localhost:9000/api","timestamp":"2025-07-20T08:19:18.275Z"}
{"level":"info","message":"Server listening on port 9000","timestamp":"2025-07-20T08:19:18.275Z"}
{"level":"error","message":"500 - Cannot set property query of #<IncomingMessage> which has only a getter - /api/api/auth/register - POST - ::1","timestamp":"2025-07-20T08:19:25.964Z"}
{"level":"error","message":"500 - Cannot set property query of #<IncomingMessage> which has only a getter - /api/auth/register - POST - ::1","timestamp":"2025-07-20T08:19:41.339Z"}
{"level":"error","message":"500 - Cannot set property query of #<IncomingMessage> which has only a getter - /health - GET - ::1","timestamp":"2025-07-20T08:20:04.072Z"}
{"level":"info","message":"Starting server initialization...","timestamp":"2025-07-20T08:21:04.726Z"}
{"level":"info","message":"Connected to MongoDB: mongodb://localhost:27017/secure-auth-full-stack","timestamp":"2025-07-20T08:21:04.750Z"}
{"level":"info","message":"Redis connecting...","timestamp":"2025-07-20T08:21:04.763Z"}
{"level":"info","message":"Redis connection ready","timestamp":"2025-07-20T08:21:04.767Z"}
{"level":"info","message":"✅ Redis connected successfully","timestamp":"2025-07-20T08:21:04.770Z"}
{"level":"info","message":"Redis initialized successfully","timestamp":"2025-07-20T08:21:04.771Z"}
{"level":"info","message":"🚀 Server is running on port 9000","timestamp":"2025-07-20T08:21:04.773Z"}
{"level":"info","message":"📊 Environment: development","timestamp":"2025-07-20T08:21:04.773Z"}
{"level":"info","message":"💾 Database is connected to MongoDB","timestamp":"2025-07-20T08:21:04.774Z"}
{"level":"info","message":"🔴 Redis is connected and ready","timestamp":"2025-07-20T08:21:04.774Z"}
{"level":"info","message":"📍 Health check available at: http://localhost:9000/health","timestamp":"2025-07-20T08:21:04.774Z"}
{"level":"info","message":"🔗 API base URL: http://localhost:9000/api","timestamp":"2025-07-20T08:21:04.774Z"}
{"level":"info","message":"Server listening on port 9000","timestamp":"2025-07-20T08:21:04.775Z"}
{"level":"error","message":"500 - Cannot set property query of #<IncomingMessage> which has only a getter - /health - GET - ::1","timestamp":"2025-07-20T08:21:08.974Z"}
{"level":"info","message":"Received SIGINT. Starting graceful shutdown...","timestamp":"2025-07-20T08:22:24.571Z"}
{"level":"info","message":"Received SIGINT. Starting graceful shutdown...","timestamp":"2025-07-20T08:22:24.593Z"}
{"level":"info","message":"Received SIGINT. Starting graceful shutdown...","timestamp":"2025-07-20T08:22:24.611Z"}
{"level":"info","message":"Received SIGINT. Starting graceful shutdown...","timestamp":"2025-07-20T08:22:24.905Z"}
{"level":"info","message":"Starting server initialization...","timestamp":"2025-07-20T08:22:27.695Z"}
{"level":"info","message":"Connected to MongoDB: mongodb://localhost:27017/secure-auth-full-stack","timestamp":"2025-07-20T08:22:27.715Z"}
{"level":"info","message":"Redis connecting...","timestamp":"2025-07-20T08:22:27.726Z"}
{"level":"info","message":"Redis connection ready","timestamp":"2025-07-20T08:22:27.728Z"}
{"level":"info","message":"✅ Redis connected successfully","timestamp":"2025-07-20T08:22:27.730Z"}
{"level":"info","message":"Redis initialized successfully","timestamp":"2025-07-20T08:22:27.730Z"}
{"level":"info","message":"🚀 Server is running on port 9000","timestamp":"2025-07-20T08:22:27.731Z"}
{"level":"info","message":"📊 Environment: development","timestamp":"2025-07-20T08:22:27.731Z"}
{"level":"info","message":"💾 Database is connected to MongoDB","timestamp":"2025-07-20T08:22:27.731Z"}
{"level":"info","message":"🔴 Redis is connected and ready","timestamp":"2025-07-20T08:22:27.731Z"}
{"level":"info","message":"📍 Health check available at: http://localhost:9000/health","timestamp":"2025-07-20T08:22:27.732Z"}
{"level":"info","message":"🔗 API base URL: http://localhost:9000/api","timestamp":"2025-07-20T08:22:27.732Z"}
{"level":"info","message":"Server listening on port 9000","timestamp":"2025-07-20T08:22:27.732Z"}
{"level":"error","message":"Could not close connections in time, forcefully shutting down","timestamp":"2025-07-20T08:22:34.582Z"}
{"level":"info","message":"Received SIGINT. Starting graceful shutdown...","timestamp":"2025-07-20T08:22:57.702Z"}
{"level":"info","message":"HTTP server closed","timestamp":"2025-07-20T08:22:57.704Z"}
{"level":"warn","message":"MongoDB disconnected","timestamp":"2025-07-20T08:22:57.710Z"}
{"level":"info","message":"MongoDB connection closed","timestamp":"2025-07-20T08:22:57.711Z"}
{"level":"info","message":"Starting server initialization...","timestamp":"2025-07-20T08:23:00.811Z"}
{"level":"info","message":"Connected to MongoDB: mongodb://localhost:27017/secure-auth-full-stack","timestamp":"2025-07-20T08:23:00.834Z"}
{"level":"info","message":"Redis connecting...","timestamp":"2025-07-20T08:23:00.844Z"}
{"level":"info","message":"Redis connection ready","timestamp":"2025-07-20T08:23:00.847Z"}
{"level":"info","message":"✅ Redis connected successfully","timestamp":"2025-07-20T08:23:00.849Z"}
{"level":"info","message":"Redis initialized successfully","timestamp":"2025-07-20T08:23:00.849Z"}
{"level":"info","message":"🚀 Server is running on port 9000","timestamp":"2025-07-20T08:23:00.850Z"}
{"level":"info","message":"📊 Environment: development","timestamp":"2025-07-20T08:23:00.850Z"}
{"level":"info","message":"💾 Database is connected to MongoDB","timestamp":"2025-07-20T08:23:00.850Z"}
{"level":"info","message":"🔴 Redis is connected and ready","timestamp":"2025-07-20T08:23:00.850Z"}
{"level":"info","message":"📍 Health check available at: http://localhost:9000/health","timestamp":"2025-07-20T08:23:00.850Z"}
{"level":"info","message":"🔗 API base URL: http://localhost:9000/api","timestamp":"2025-07-20T08:23:00.851Z"}
{"level":"info","message":"Server listening on port 9000","timestamp":"2025-07-20T08:23:00.851Z"}
{"level":"error","message":"500 - Cannot set property query of #<IncomingMessage> which has only a getter - /health - GET - ::1","timestamp":"2025-07-20T08:23:19.358Z"}
{"level":"error","message":"500 - Cannot set property query of #<IncomingMessage> which has only a getter - /api/auth/login - POST - ::1","timestamp":"2025-07-20T08:24:46.564Z"}
{"level":"info","message":"Starting server initialization...","timestamp":"2025-07-20T08:26:55.180Z"}
{"level":"info","message":"Connected to MongoDB: mongodb://localhost:27017/secure-auth-full-stack","timestamp":"2025-07-20T08:26:55.203Z"}
{"level":"info","message":"Redis connecting...","timestamp":"2025-07-20T08:26:55.211Z"}
{"level":"info","message":"Redis connection ready","timestamp":"2025-07-20T08:26:55.214Z"}
{"level":"info","message":"✅ Redis connected successfully","timestamp":"2025-07-20T08:26:55.216Z"}
{"level":"info","message":"Redis initialized successfully","timestamp":"2025-07-20T08:26:55.216Z"}
{"level":"info","message":"🚀 Server is running on port 9000","timestamp":"2025-07-20T08:26:55.217Z"}
{"level":"info","message":"📊 Environment: development","timestamp":"2025-07-20T08:26:55.218Z"}
{"level":"info","message":"💾 Database is connected to MongoDB","timestamp":"2025-07-20T08:26:55.218Z"}
{"level":"info","message":"🔴 Redis is connected and ready","timestamp":"2025-07-20T08:26:55.218Z"}
{"level":"info","message":"📍 Health check available at: http://localhost:9000/health","timestamp":"2025-07-20T08:26:55.218Z"}
{"level":"info","message":"🔗 API base URL: http://localhost:9000/api","timestamp":"2025-07-20T08:26:55.218Z"}
{"level":"info","message":"Server listening on port 9000","timestamp":"2025-07-20T08:26:55.218Z"}
{"level":"error","message":"500 - Cannot set property query of #<IncomingMessage> which has only a getter - /api/auth/login - POST - ::1","timestamp":"2025-07-20T08:27:47.823Z"}
{"level":"info","message":"Received SIGINT. Starting graceful shutdown...","timestamp":"2025-07-20T08:27:56.235Z"}
{"level":"info","message":"HTTP server closed","timestamp":"2025-07-20T08:27:56.237Z"}
{"level":"warn","message":"MongoDB disconnected","timestamp":"2025-07-20T08:27:56.242Z"}
{"level":"info","message":"MongoDB connection closed","timestamp":"2025-07-20T08:27:56.243Z"}
{"level":"info","message":"Starting server initialization...","timestamp":"2025-07-20T08:27:58.955Z"}
{"level":"info","message":"Connected to MongoDB: mongodb://localhost:27017/secure-auth-full-stack","timestamp":"2025-07-20T08:27:58.975Z"}
{"level":"info","message":"Redis connecting...","timestamp":"2025-07-20T08:27:58.984Z"}
{"level":"info","message":"Redis connection ready","timestamp":"2025-07-20T08:27:58.986Z"}
{"level":"info","message":"✅ Redis connected successfully","timestamp":"2025-07-20T08:27:58.987Z"}
{"level":"info","message":"Redis initialized successfully","timestamp":"2025-07-20T08:27:58.988Z"}
{"level":"info","message":"🚀 Server is running on port 9000","timestamp":"2025-07-20T08:27:58.989Z"}
{"level":"info","message":"📊 Environment: development","timestamp":"2025-07-20T08:27:58.989Z"}
{"level":"info","message":"💾 Database is connected to MongoDB","timestamp":"2025-07-20T08:27:58.989Z"}
{"level":"info","message":"🔴 Redis is connected and ready","timestamp":"2025-07-20T08:27:58.989Z"}
{"level":"info","message":"📍 Health check available at: http://localhost:9000/health","timestamp":"2025-07-20T08:27:58.990Z"}
{"level":"info","message":"🔗 API base URL: http://localhost:9000/api","timestamp":"2025-07-20T08:27:58.990Z"}
{"level":"info","message":"Server listening on port 9000","timestamp":"2025-07-20T08:27:58.990Z"}
{"level":"error","message":"500 - Cannot set property query of #<IncomingMessage> which has only a getter - /api/auth/login - POST - ::1","timestamp":"2025-07-20T08:28:05.838Z"}
{"level":"error","message":"500 - Cannot set property query of #<IncomingMessage> which has only a getter - /health - GET - ::1","timestamp":"2025-07-20T08:28:17.922Z"}
{"level":"info","message":"Starting server initialization...","timestamp":"2025-07-20T08:29:19.840Z"}
{"level":"info","message":"Connected to MongoDB: mongodb://localhost:27017/secure-auth-full-stack","timestamp":"2025-07-20T08:29:19.866Z"}
{"level":"info","message":"Redis connecting...","timestamp":"2025-07-20T08:29:19.873Z"}
{"level":"info","message":"Redis connection ready","timestamp":"2025-07-20T08:29:19.878Z"}
{"level":"info","message":"✅ Redis connected successfully","timestamp":"2025-07-20T08:29:19.881Z"}
{"level":"info","message":"Redis initialized successfully","timestamp":"2025-07-20T08:29:19.881Z"}
{"level":"info","message":"🚀 Server is running on port 9000","timestamp":"2025-07-20T08:29:19.882Z"}
{"level":"info","message":"📊 Environment: development","timestamp":"2025-07-20T08:29:19.882Z"}
{"level":"info","message":"💾 Database is connected to MongoDB","timestamp":"2025-07-20T08:29:19.883Z"}
{"level":"info","message":"🔴 Redis is connected and ready","timestamp":"2025-07-20T08:29:19.883Z"}
{"level":"info","message":"📍 Health check available at: http://localhost:9000/health","timestamp":"2025-07-20T08:29:19.883Z"}
{"level":"info","message":"🔗 API base URL: http://localhost:9000/api","timestamp":"2025-07-20T08:29:19.883Z"}
{"level":"info","message":"Server listening on port 9000","timestamp":"2025-07-20T08:29:19.883Z"}
{"level":"error","message":"500 - Cannot set property query of #<IncomingMessage> which has only a getter - /health - GET - ::1","timestamp":"2025-07-20T08:30:10.228Z"}
{"level":"error","message":"500 - Cannot set property query of #<IncomingMessage> which has only a getter - /health - GET - ::1","timestamp":"2025-07-20T08:30:11.262Z"}
{"level":"error","message":"500 - Cannot set property query of #<IncomingMessage> which has only a getter - /health - GET - ::1","timestamp":"2025-07-20T08:30:12.178Z"}
{"level":"error","message":"500 - Cannot set property query of #<IncomingMessage> which has only a getter - /api/auth/logout - POST - ::1","timestamp":"2025-07-20T08:32:47.361Z"}
{"level":"error","message":"500 - Cannot set property query of #<IncomingMessage> which has only a getter - /api/auth/login - POST - ::1","timestamp":"2025-07-20T08:32:53.165Z"}
{"level":"error","message":"500 - Cannot set property query of #<IncomingMessage> which has only a getter - /api/auth/register - POST - ::1","timestamp":"2025-07-20T08:32:58.786Z"}
{"level":"info","message":"Starting server initialization...","timestamp":"2025-07-20T08:34:07.378Z"}
{"level":"info","message":"Connected to MongoDB: mongodb://localhost:27017/secure-auth-full-stack","timestamp":"2025-07-20T08:34:07.398Z"}
{"level":"info","message":"Redis connecting...","timestamp":"2025-07-20T08:34:07.407Z"}
{"level":"info","message":"Redis connection ready","timestamp":"2025-07-20T08:34:07.410Z"}
{"level":"info","message":"✅ Redis connected successfully","timestamp":"2025-07-20T08:34:07.411Z"}
{"level":"info","message":"Redis initialized successfully","timestamp":"2025-07-20T08:34:07.412Z"}
{"level":"info","message":"🚀 Server is running on port 9000","timestamp":"2025-07-20T08:34:07.413Z"}
{"level":"info","message":"📊 Environment: development","timestamp":"2025-07-20T08:34:07.414Z"}
{"level":"info","message":"💾 Database is connected to MongoDB","timestamp":"2025-07-20T08:34:07.414Z"}
{"level":"info","message":"🔴 Redis is connected and ready","timestamp":"2025-07-20T08:34:07.414Z"}
{"level":"info","message":"📍 Health check available at: http://localhost:9000/health","timestamp":"2025-07-20T08:34:07.415Z"}
{"level":"info","message":"🔗 API base URL: http://localhost:9000/api","timestamp":"2025-07-20T08:34:07.415Z"}
{"level":"info","message":"Server listening on port 9000","timestamp":"2025-07-20T08:34:07.415Z"}
{"level":"info","message":"Starting server initialization...","timestamp":"2025-07-20T08:35:11.206Z"}
{"level":"info","message":"Connected to MongoDB: mongodb://localhost:27017/secure-auth-full-stack","timestamp":"2025-07-20T08:35:11.230Z"}
{"level":"info","message":"Redis connecting...","timestamp":"2025-07-20T08:35:11.239Z"}
{"level":"info","message":"Redis connection ready","timestamp":"2025-07-20T08:35:11.242Z"}
{"level":"info","message":"✅ Redis connected successfully","timestamp":"2025-07-20T08:35:11.244Z"}
{"level":"info","message":"Redis initialized successfully","timestamp":"2025-07-20T08:35:11.244Z"}
{"level":"info","message":"🚀 Server is running on port 9000","timestamp":"2025-07-20T08:35:11.245Z"}
{"level":"info","message":"📊 Environment: development","timestamp":"2025-07-20T08:35:11.246Z"}
{"level":"info","message":"💾 Database is connected to MongoDB","timestamp":"2025-07-20T08:35:11.246Z"}
{"level":"info","message":"🔴 Redis is connected and ready","timestamp":"2025-07-20T08:35:11.246Z"}
{"level":"info","message":"📍 Health check available at: http://localhost:9000/health","timestamp":"2025-07-20T08:35:11.247Z"}
{"level":"info","message":"🔗 API base URL: http://localhost:9000/api","timestamp":"2025-07-20T08:35:11.247Z"}
{"level":"info","message":"Server listening on port 9000","timestamp":"2025-07-20T08:35:11.247Z"}
{"level":"info","message":"Starting server initialization...","timestamp":"2025-07-20T08:35:12.844Z"}
{"level":"info","message":"Connected to MongoDB: mongodb://localhost:27017/secure-auth-full-stack","timestamp":"2025-07-20T08:35:12.891Z"}
{"level":"info","message":"Redis connecting...","timestamp":"2025-07-20T08:35:12.907Z"}
{"level":"info","message":"Redis connection ready","timestamp":"2025-07-20T08:35:12.911Z"}
{"level":"info","message":"✅ Redis connected successfully","timestamp":"2025-07-20T08:35:12.914Z"}
{"level":"info","message":"Redis initialized successfully","timestamp":"2025-07-20T08:35:12.915Z"}
{"level":"info","message":"🚀 Server is running on port 9000","timestamp":"2025-07-20T08:35:12.916Z"}
{"level":"info","message":"📊 Environment: development","timestamp":"2025-07-20T08:35:12.916Z"}
{"level":"info","message":"💾 Database is connected to MongoDB","timestamp":"2025-07-20T08:35:12.916Z"}
{"level":"info","message":"🔴 Redis is connected and ready","timestamp":"2025-07-20T08:35:12.916Z"}
{"level":"info","message":"📍 Health check available at: http://localhost:9000/health","timestamp":"2025-07-20T08:35:12.916Z"}
{"level":"info","message":"🔗 API base URL: http://localhost:9000/api","timestamp":"2025-07-20T08:35:12.916Z"}
{"level":"info","message":"Server listening on port 9000","timestamp":"2025-07-20T08:35:12.917Z"}
{"level":"info","message":"Starting server initialization...","timestamp":"2025-07-20T08:35:33.924Z"}
{"level":"info","message":"Connected to MongoDB: mongodb://localhost:27017/secure-auth-full-stack","timestamp":"2025-07-20T08:35:33.946Z"}
{"level":"info","message":"Redis connecting...","timestamp":"2025-07-20T08:35:33.953Z"}
{"level":"info","message":"Redis connection ready","timestamp":"2025-07-20T08:35:33.955Z"}
{"level":"info","message":"✅ Redis connected successfully","timestamp":"2025-07-20T08:35:33.956Z"}
{"level":"info","message":"Redis initialized successfully","timestamp":"2025-07-20T08:35:33.956Z"}
{"level":"info","message":"🚀 Server is running on port 9000","timestamp":"2025-07-20T08:35:33.957Z"}
{"level":"info","message":"📊 Environment: development","timestamp":"2025-07-20T08:35:33.958Z"}
{"level":"info","message":"💾 Database is connected to MongoDB","timestamp":"2025-07-20T08:35:33.958Z"}
{"level":"info","message":"🔴 Redis is connected and ready","timestamp":"2025-07-20T08:35:33.958Z"}
{"level":"info","message":"📍 Health check available at: http://localhost:9000/health","timestamp":"2025-07-20T08:35:33.958Z"}
{"level":"info","message":"🔗 API base URL: http://localhost:9000/api","timestamp":"2025-07-20T08:35:33.958Z"}
{"level":"info","message":"Server listening on port 9000","timestamp":"2025-07-20T08:35:33.958Z"}
{"level":"error","message":"400 - Validation failed: First name is required and must be less than 50 characters, First name can only contain letters and spaces - /api/auth/register - POST - ::1","timestamp":"2025-07-20T08:35:53.402Z"}
{"level":"error","message":"401 - Invalid credentials - /api/auth/login - POST - ::1","timestamp":"2025-07-20T08:36:07.435Z"}
{"level":"error","message":"401 - Invalid credentials - /api/auth/login - POST - ::1","timestamp":"2025-07-20T08:36:23.606Z"}
{"level":"error","message":"401 - Invalid credentials - /api/auth/login - POST - ::1","timestamp":"2025-07-20T08:36:24.878Z"}
{"level":"error","message":"401 - Invalid credentials - /api/auth/login - POST - ::1","timestamp":"2025-07-20T08:38:21.568Z"}
{"level":"error","message":"401 - Invalid credentials - /api/auth/login - POST - ::1","timestamp":"2025-07-20T08:38:23.077Z"}
{"level":"error","message":"401 - Invalid credentials - /api/auth/login - POST - ::1","timestamp":"2025-07-20T08:38:23.568Z"}
{"level":"error","message":"401 - Invalid credentials - /api/auth/login - POST - ::1","timestamp":"2025-07-20T08:38:43.229Z"}
{"level":"error","message":"401 - Invalid credentials - /api/auth/login - POST - ::1","timestamp":"2025-07-20T08:38:46.136Z"}
{"level":"error","message":"401 - Invalid credentials - /api/auth/login - POST - ::1","timestamp":"2025-07-20T08:38:47.031Z"}
{"level":"error","message":"401 - Invalid credentials - /api/auth/login - POST - ::1","timestamp":"2025-07-20T08:38:47.560Z"}
{"level":"error","message":"401 - Invalid credentials - /api/auth/login - POST - ::1","timestamp":"2025-07-20T08:38:56.022Z"}
{"level":"error","message":"401 - Invalid credentials - /api/auth/login - POST - ::1","timestamp":"2025-07-20T08:39:05.528Z"}
{"level":"info","message":"New user registered: shams@gmail.com","timestamp":"2025-07-20T08:40:29.389Z"}
{"level":"info","message":"User login successful: shams@gmail.com from desktop","timestamp":"2025-07-20T08:40:50.803Z"}
{"level":"info","message":"User login successful: shams@gmail.com from desktop","timestamp":"2025-07-20T08:41:04.330Z"}
{"level":"info","message":"User login successful: shams@gmail.com from desktop","timestamp":"2025-07-20T08:52:10.415Z"}
{"level":"info","message":"Starting server initialization...","timestamp":"2025-07-20T08:53:07.199Z"}
{"level":"info","message":"Connected to MongoDB: mongodb://localhost:27017/secure-auth-full-stack","timestamp":"2025-07-20T08:53:07.225Z"}
{"level":"info","message":"Redis connecting...","timestamp":"2025-07-20T08:53:07.235Z"}
{"level":"info","message":"Redis connection ready","timestamp":"2025-07-20T08:53:07.238Z"}
{"level":"info","message":"✅ Redis connected successfully","timestamp":"2025-07-20T08:53:07.239Z"}
{"level":"info","message":"Redis initialized successfully","timestamp":"2025-07-20T08:53:07.240Z"}
{"level":"info","message":"🚀 Server is running on port 9000","timestamp":"2025-07-20T08:53:07.241Z"}
{"level":"info","message":"📊 Environment: development","timestamp":"2025-07-20T08:53:07.241Z"}
{"level":"info","message":"💾 Database is connected to MongoDB","timestamp":"2025-07-20T08:53:07.241Z"}
{"level":"info","message":"🔴 Redis is connected and ready","timestamp":"2025-07-20T08:53:07.241Z"}
{"level":"info","message":"📍 Health check available at: http://localhost:9000/health","timestamp":"2025-07-20T08:53:07.242Z"}
{"level":"info","message":"🔗 API base URL: http://localhost:9000/api","timestamp":"2025-07-20T08:53:07.242Z"}
{"level":"info","message":"Server listening on port 9000","timestamp":"2025-07-20T08:53:07.242Z"}
{"level":"info","message":"Starting server initialization...","timestamp":"2025-07-20T08:53:14.065Z"}
{"level":"info","message":"Connected to MongoDB: mongodb://localhost:27017/secure-auth-full-stack","timestamp":"2025-07-20T08:53:14.085Z"}
{"level":"info","message":"Redis connecting...","timestamp":"2025-07-20T08:53:14.093Z"}
{"level":"info","message":"Redis connection ready","timestamp":"2025-07-20T08:53:14.097Z"}
{"level":"info","message":"✅ Redis connected successfully","timestamp":"2025-07-20T08:53:14.099Z"}
{"level":"info","message":"Redis initialized successfully","timestamp":"2025-07-20T08:53:14.099Z"}
{"level":"info","message":"🚀 Server is running on port 9000","timestamp":"2025-07-20T08:53:14.101Z"}
{"level":"info","message":"📊 Environment: development","timestamp":"2025-07-20T08:53:14.101Z"}
{"level":"info","message":"💾 Database is connected to MongoDB","timestamp":"2025-07-20T08:53:14.102Z"}
{"level":"info","message":"🔴 Redis is connected and ready","timestamp":"2025-07-20T08:53:14.102Z"}
{"level":"info","message":"📍 Health check available at: http://localhost:9000/health","timestamp":"2025-07-20T08:53:14.102Z"}
{"level":"info","message":"🔗 API base URL: http://localhost:9000/api","timestamp":"2025-07-20T08:53:14.102Z"}
{"level":"info","message":"Server listening on port 9000","timestamp":"2025-07-20T08:53:14.103Z"}
{"level":"info","message":"User login successful: shams@gmail.com from desktop","timestamp":"2025-07-20T08:53:49.506Z"}
{"level":"info","message":"User login successful: shams@gmail.com from desktop","timestamp":"2025-07-20T08:55:11.446Z"}
{"level":"info","message":"New user registered: test@test.com","timestamp":"2025-07-20T12:11:24.623Z"}
{"level":"info","message":"User login successful: test@test.com from desktop","timestamp":"2025-07-20T12:11:48.613Z"}
{"level":"info","message":"User login successful: test@test.com from desktop","timestamp":"2025-07-20T12:14:17.014Z"}
{"level":"info","message":"Starting server initialization...","timestamp":"2025-07-20T12:52:31.051Z"}
{"level":"info","message":"Connected to MongoDB: mongodb://localhost:27017/secure-auth-full-stack","timestamp":"2025-07-20T12:52:31.100Z"}
{"level":"info","message":"Redis connecting...","timestamp":"2025-07-20T12:52:31.120Z"}
{"level":"info","message":"Redis connection ready","timestamp":"2025-07-20T12:52:31.126Z"}
{"level":"info","message":"✅ Redis connected successfully","timestamp":"2025-07-20T12:52:31.129Z"}
{"level":"info","message":"Redis initialized successfully","timestamp":"2025-07-20T12:52:31.130Z"}
{"level":"info","message":"🚀 Server is running on port 9000","timestamp":"2025-07-20T12:52:31.134Z"}
{"level":"info","message":"📊 Environment: development","timestamp":"2025-07-20T12:52:31.136Z"}
{"level":"info","message":"💾 Database is connected to MongoDB","timestamp":"2025-07-20T12:52:31.136Z"}
{"level":"info","message":"🔴 Redis is connected and ready","timestamp":"2025-07-20T12:52:31.136Z"}
{"level":"info","message":"📍 Health check available at: http://localhost:9000/health","timestamp":"2025-07-20T12:52:31.137Z"}
{"level":"info","message":"🔗 API base URL: http://localhost:9000/api","timestamp":"2025-07-20T12:52:31.137Z"}
{"level":"info","message":"Server listening on port 9000","timestamp":"2025-07-20T12:52:31.137Z"}
{"level":"error","message":"400 - Validation failed: Please provide a valid email - /api/auth/login - POST - ::1","timestamp":"2025-07-20T12:58:57.659Z"}
{"level":"error","message":"401 - Invalid credentials - /api/auth/login - POST - ::1","timestamp":"2025-07-20T12:59:05.544Z"}
{"level":"error","message":"401 - Invalid credentials - /api/auth/login - POST - ::1","timestamp":"2025-07-20T12:59:08.208Z"}
{"level":"error","message":"401 - Invalid credentials - /api/auth/login - POST - ::1","timestamp":"2025-07-20T12:59:09.117Z"}
{"level":"error","message":"401 - Invalid credentials - /api/auth/login - POST - ::1","timestamp":"2025-07-20T12:59:10.017Z"}
{"level":"error","message":"401 - Invalid credentials - /api/auth/login - POST - ::1","timestamp":"2025-07-20T12:59:10.897Z"}
{"level":"error","message":"401 - Invalid credentials - /api/auth/login - POST - ::1","timestamp":"2025-07-20T12:59:11.774Z"}
{"level":"error","message":"401 - Invalid credentials - /api/auth/login - POST - ::1","timestamp":"2025-07-20T12:59:12.695Z"}
{"level":"error","message":"401 - Invalid credentials - /api/auth/login - POST - ::1","timestamp":"2025-07-20T12:59:13.633Z"}
{"level":"error","message":"401 - Invalid credentials - /api/auth/login - POST - ::1","timestamp":"2025-07-20T12:59:14.423Z"}
{"level":"error","message":"401 - Invalid credentials - /api/auth/login - POST - ::1","timestamp":"2025-07-20T12:59:15.214Z"}
{"level":"error","message":"401 - Invalid credentials - /api/auth/login - POST - ::1","timestamp":"2025-07-20T12:59:15.974Z"}
{"level":"error","message":"401 - Invalid credentials - /api/auth/login - POST - ::1","timestamp":"2025-07-20T12:59:16.713Z"}
{"level":"error","message":"401 - Invalid credentials - /api/auth/login - POST - ::1","timestamp":"2025-07-20T12:59:17.438Z"}
{"level":"error","message":"401 - Invalid credentials - /api/auth/login - POST - ::1","timestamp":"2025-07-20T12:59:18.594Z"}
{"level":"error","message":"401 - Invalid credentials - /api/auth/login - POST - ::1","timestamp":"2025-07-20T12:59:19.377Z"}
{"level":"error","message":"401 - Invalid credentials - /api/auth/login - POST - ::1","timestamp":"2025-07-20T12:59:19.660Z"}
{"level":"error","message":"401 - Invalid credentials - /api/auth/login - POST - ::1","timestamp":"2025-07-20T12:59:19.956Z"}
{"level":"error","message":"401 - Invalid credentials - /api/auth/login - POST - ::1","timestamp":"2025-07-20T12:59:20.390Z"}
{"level":"error","message":"401 - Invalid credentials - /api/auth/login - POST - ::1","timestamp":"2025-07-20T12:59:21.797Z"}
{"level":"error","message":"401 - Invalid credentials - /api/auth/login - POST - ::1","timestamp":"2025-07-20T12:59:23.036Z"}
{"level":"error","message":"401 - Invalid credentials - /api/auth/login - POST - ::1","timestamp":"2025-07-20T12:59:23.717Z"}
{"level":"error","message":"401 - Invalid credentials - /api/auth/login - POST - ::1","timestamp":"2025-07-20T12:59:24.173Z"}
{"level":"error","message":"401 - Invalid credentials. 4 attempts remaining. - /api/auth/login - POST - ::1","timestamp":"2025-07-20T12:59:39.653Z"}
{"level":"error","message":"401 - Invalid credentials. 3 attempts remaining. - /api/auth/login - POST - ::1","timestamp":"2025-07-20T12:59:41.808Z"}
{"level":"error","message":"401 - Invalid credentials. 2 attempts remaining. - /api/auth/login - POST - ::1","timestamp":"2025-07-20T12:59:43.357Z"}
{"level":"error","message":"401 - Invalid credentials. 1 attempts remaining. - /api/auth/login - POST - ::1","timestamp":"2025-07-20T12:59:46.313Z"}
{"level":"error","message":"429 - Account locked due to multiple failed attempts. Please try again in 15 minutes. - /api/auth/login - POST - ::1","timestamp":"2025-07-20T12:59:48.254Z"}
{"level":"error","message":"429 - Account temporarily locked due to multiple failed attempts. Please try again later. - /api/auth/login - POST - ::1","timestamp":"2025-07-20T12:59:50.420Z"}
{"level":"error","message":"429 - Account temporarily locked due to multiple failed attempts. Please try again later. - /api/auth/login - POST - ::1","timestamp":"2025-07-20T12:59:51.180Z"}
{"level":"info","message":"Received SIGINT. Starting graceful shutdown...","timestamp":"2025-07-20T13:16:31.455Z"}
{"level":"info","message":"HTTP server closed","timestamp":"2025-07-20T13:16:31.457Z"}
{"level":"warn","message":"MongoDB disconnected","timestamp":"2025-07-20T13:16:31.468Z"}
{"level":"info","message":"MongoDB connection closed","timestamp":"2025-07-20T13:16:31.470Z"}
{"level":"info","message":"Starting server initialization...","timestamp":"2025-07-20T13:16:35.851Z"}
{"level":"info","message":"Connected to MongoDB: mongodb://localhost:27017/secure-auth-full-stack","timestamp":"2025-07-20T13:16:35.932Z"}
{"level":"info","message":"Redis connecting...","timestamp":"2025-07-20T13:16:35.957Z"}
{"level":"info","message":"Redis connection ready","timestamp":"2025-07-20T13:16:35.969Z"}
{"level":"info","message":"✅ Redis connected successfully","timestamp":"2025-07-20T13:16:35.976Z"}
{"level":"info","message":"Redis initialized successfully","timestamp":"2025-07-20T13:16:35.977Z"}
{"level":"info","message":"🚀 Server is running on port 9000","timestamp":"2025-07-20T13:16:35.985Z"}
{"level":"info","message":"📊 Environment: development","timestamp":"2025-07-20T13:16:35.987Z"}
{"level":"info","message":"💾 Database is connected to MongoDB","timestamp":"2025-07-20T13:16:35.987Z"}
{"level":"info","message":"🔴 Redis is connected and ready","timestamp":"2025-07-20T13:16:35.992Z"}
{"level":"info","message":"📍 Health check available at: http://localhost:9000/health","timestamp":"2025-07-20T13:16:35.993Z"}
{"level":"info","message":"🔗 API base URL: http://localhost:9000/api","timestamp":"2025-07-20T13:16:35.993Z"}
{"level":"info","message":"Server listening on port 9000","timestamp":"2025-07-20T13:16:35.994Z"}
{"level":"info","message":"User login successful: shams@gmail.com from desktop","timestamp":"2025-07-20T13:16:48.143Z"}
{"level":"error","message":"401 - Invalid credentials. 4 attempts remaining. - /api/auth/login - POST - ::1","timestamp":"2025-07-20T13:18:00.899Z"}
{"level":"info","message":"User login successful: shams@gmail.com from desktop","timestamp":"2025-07-20T13:18:09.979Z"}
{"level":"info","message":"User login successful: shams@gmail.com from desktop","timestamp":"2025-07-20T13:18:34.511Z"}
{"level":"info","message":"User login successful: shams@gmail.com from desktop","timestamp":"2025-07-20T13:20:28.239Z"}
{"level":"info","message":"User login successful: shams@gmail.com from desktop","timestamp":"2025-07-20T13:22:14.012Z"}
{"level":"info","message":"User login successful: shams@gmail.com from desktop","timestamp":"2025-07-20T13:23:37.592Z"}
{"level":"info","message":"Starting server initialization...","timestamp":"2025-07-20T13:31:32.788Z"}
{"level":"info","message":"Connected to MongoDB: mongodb://localhost:27017/secure-auth-full-stack","timestamp":"2025-07-20T13:31:32.826Z"}
{"level":"info","message":"Redis connecting...","timestamp":"2025-07-20T13:31:32.842Z"}
{"level":"info","message":"Redis connection ready","timestamp":"2025-07-20T13:31:32.850Z"}
{"level":"info","message":"✅ Redis connected successfully","timestamp":"2025-07-20T13:31:32.853Z"}
{"level":"info","message":"Redis initialized successfully","timestamp":"2025-07-20T13:31:32.854Z"}
{"level":"info","message":"🚀 Server is running on port 9000","timestamp":"2025-07-20T13:31:32.856Z"}
{"level":"info","message":"📊 Environment: development","timestamp":"2025-07-20T13:31:32.857Z"}
{"level":"info","message":"💾 Database is connected to MongoDB","timestamp":"2025-07-20T13:31:32.857Z"}
{"level":"info","message":"🔴 Redis is connected and ready","timestamp":"2025-07-20T13:31:32.858Z"}
{"level":"info","message":"📍 Health check available at: http://localhost:9000/health","timestamp":"2025-07-20T13:31:32.858Z"}
{"level":"info","message":"🔗 API base URL: http://localhost:9000/api","timestamp":"2025-07-20T13:31:32.858Z"}
{"level":"info","message":"Server listening on port 9000","timestamp":"2025-07-20T13:31:32.859Z"}
{"level":"error","message":"500 - sessionService.getActiveSessionsForUser is not a function - /api/auth/login - POST - ::1","timestamp":"2025-07-20T13:31:42.804Z"}
{"level":"info","message":"Starting server initialization...","timestamp":"2025-07-20T13:33:12.878Z"}
{"level":"info","message":"Connected to MongoDB: mongodb://localhost:27017/secure-auth-full-stack","timestamp":"2025-07-20T13:33:12.928Z"}
{"level":"info","message":"Redis connecting...","timestamp":"2025-07-20T13:33:12.943Z"}
{"level":"info","message":"Redis connection ready","timestamp":"2025-07-20T13:33:12.952Z"}
{"level":"info","message":"✅ Redis connected successfully","timestamp":"2025-07-20T13:33:12.959Z"}
{"level":"info","message":"Redis initialized successfully","timestamp":"2025-07-20T13:33:12.961Z"}
{"level":"info","message":"🚀 Server is running on port 9000","timestamp":"2025-07-20T13:33:12.966Z"}
{"level":"info","message":"📊 Environment: development","timestamp":"2025-07-20T13:33:12.967Z"}
{"level":"info","message":"💾 Database is connected to MongoDB","timestamp":"2025-07-20T13:33:12.968Z"}
{"level":"info","message":"🔴 Redis is connected and ready","timestamp":"2025-07-20T13:33:12.969Z"}
{"level":"info","message":"📍 Health check available at: http://localhost:9000/health","timestamp":"2025-07-20T13:33:12.970Z"}
{"level":"info","message":"🔗 API base URL: http://localhost:9000/api","timestamp":"2025-07-20T13:33:12.970Z"}
{"level":"info","message":"Server listening on port 9000","timestamp":"2025-07-20T13:33:12.971Z"}
{"level":"info","message":"Starting server initialization...","timestamp":"2025-07-20T13:34:08.130Z"}
{"level":"info","message":"Connected to MongoDB: mongodb://localhost:27017/secure-auth-full-stack","timestamp":"2025-07-20T13:34:08.175Z"}
{"level":"info","message":"Redis connecting...","timestamp":"2025-07-20T13:34:08.193Z"}
{"level":"info","message":"Redis connection ready","timestamp":"2025-07-20T13:34:08.204Z"}
{"level":"info","message":"✅ Redis connected successfully","timestamp":"2025-07-20T13:34:08.207Z"}
{"level":"info","message":"Redis initialized successfully","timestamp":"2025-07-20T13:34:08.209Z"}
{"level":"info","message":"🚀 Server is running on port 9000","timestamp":"2025-07-20T13:34:08.214Z"}
{"level":"info","message":"📊 Environment: development","timestamp":"2025-07-20T13:34:08.215Z"}
{"level":"info","message":"💾 Database is connected to MongoDB","timestamp":"2025-07-20T13:34:08.216Z"}
{"level":"info","message":"🔴 Redis is connected and ready","timestamp":"2025-07-20T13:34:08.217Z"}
{"level":"info","message":"📍 Health check available at: http://localhost:9000/health","timestamp":"2025-07-20T13:34:08.218Z"}
{"level":"info","message":"🔗 API base URL: http://localhost:9000/api","timestamp":"2025-07-20T13:34:08.218Z"}
{"level":"info","message":"Server listening on port 9000","timestamp":"2025-07-20T13:34:08.219Z"}
{"level":"error","message":"500 - sessionService.getActiveSessionsForUser is not a function - /api/auth/login - POST - ::1","timestamp":"2025-07-20T13:34:15.111Z"}
{"level":"info","message":"Starting server initialization...","timestamp":"2025-07-20T13:35:32.509Z"}
{"level":"info","message":"Connected to MongoDB: mongodb://localhost:27017/secure-auth-full-stack","timestamp":"2025-07-20T13:35:32.565Z"}
{"level":"info","message":"Redis connecting...","timestamp":"2025-07-20T13:35:32.575Z"}
{"level":"info","message":"Redis connection ready","timestamp":"2025-07-20T13:35:32.582Z"}
{"level":"info","message":"✅ Redis connected successfully","timestamp":"2025-07-20T13:35:32.592Z"}
{"level":"info","message":"Redis initialized successfully","timestamp":"2025-07-20T13:35:32.593Z"}
{"level":"info","message":"🚀 Server is running on port 9000","timestamp":"2025-07-20T13:35:32.598Z"}
{"level":"info","message":"📊 Environment: development","timestamp":"2025-07-20T13:35:32.599Z"}
{"level":"info","message":"💾 Database is connected to MongoDB","timestamp":"2025-07-20T13:35:32.600Z"}
{"level":"info","message":"🔴 Redis is connected and ready","timestamp":"2025-07-20T13:35:32.601Z"}
{"level":"info","message":"📍 Health check available at: http://localhost:9000/health","timestamp":"2025-07-20T13:35:32.601Z"}
{"level":"info","message":"🔗 API base URL: http://localhost:9000/api","timestamp":"2025-07-20T13:35:32.601Z"}
{"level":"info","message":"Server listening on port 9000","timestamp":"2025-07-20T13:35:32.602Z"}
{"level":"info","message":"Starting server initialization...","timestamp":"2025-07-20T13:36:27.377Z"}
{"level":"info","message":"Connected to MongoDB: mongodb://localhost:27017/secure-auth-full-stack","timestamp":"2025-07-20T13:36:27.429Z"}
{"level":"info","message":"Redis connecting...","timestamp":"2025-07-20T13:36:27.456Z"}
{"level":"info","message":"Redis connection ready","timestamp":"2025-07-20T13:36:27.469Z"}
{"level":"info","message":"✅ Redis connected successfully","timestamp":"2025-07-20T13:36:27.481Z"}
{"level":"info","message":"Redis initialized successfully","timestamp":"2025-07-20T13:36:27.482Z"}
{"level":"info","message":"🚀 Server is running on port 9000","timestamp":"2025-07-20T13:36:27.487Z"}
{"level":"info","message":"📊 Environment: development","timestamp":"2025-07-20T13:36:27.489Z"}
{"level":"info","message":"💾 Database is connected to MongoDB","timestamp":"2025-07-20T13:36:27.490Z"}
{"level":"info","message":"🔴 Redis is connected and ready","timestamp":"2025-07-20T13:36:27.491Z"}
{"level":"info","message":"📍 Health check available at: http://localhost:9000/health","timestamp":"2025-07-20T13:36:27.492Z"}
{"level":"info","message":"🔗 API base URL: http://localhost:9000/api","timestamp":"2025-07-20T13:36:27.492Z"}
{"level":"info","message":"Server listening on port 9000","timestamp":"2025-07-20T13:36:27.493Z"}
{"level":"error","message":"500 - Cannot read properties of null (reading 'length') - /api/auth/login - POST - ::1","timestamp":"2025-07-20T13:36:32.043Z"}
{"level":"info","message":"Starting server initialization...","timestamp":"2025-07-20T13:41:38.307Z"}
{"level":"info","message":"Connected to MongoDB: mongodb://localhost:27017/secure-auth-full-stack","timestamp":"2025-07-20T13:41:38.356Z"}
{"level":"info","message":"Redis connecting...","timestamp":"2025-07-20T13:41:38.382Z"}
{"level":"info","message":"Redis connection ready","timestamp":"2025-07-20T13:41:38.394Z"}
{"level":"info","message":"✅ Redis connected successfully","timestamp":"2025-07-20T13:41:38.402Z"}
{"level":"info","message":"Redis initialized successfully","timestamp":"2025-07-20T13:41:38.403Z"}
{"level":"info","message":"🚀 Server is running on port 9000","timestamp":"2025-07-20T13:41:38.410Z"}
{"level":"info","message":"📊 Environment: development","timestamp":"2025-07-20T13:41:38.411Z"}
{"level":"info","message":"💾 Database is connected to MongoDB","timestamp":"2025-07-20T13:41:38.412Z"}
{"level":"info","message":"🔴 Redis is connected and ready","timestamp":"2025-07-20T13:41:38.413Z"}
{"level":"info","message":"📍 Health check available at: http://localhost:9000/health","timestamp":"2025-07-20T13:41:38.414Z"}
{"level":"info","message":"🔗 API base URL: http://localhost:9000/api","timestamp":"2025-07-20T13:41:38.414Z"}
{"level":"info","message":"Server listening on port 9000","timestamp":"2025-07-20T13:41:38.415Z"}
{"level":"error","message":"500 - sessionService.getActiveSessionsForUser is not a function - /api/auth/login - POST - ::1","timestamp":"2025-07-20T13:41:56.276Z"}
{"level":"error","message":"500 - sessionService.getActiveSessionsForUser is not a function - /api/auth/login - POST - ::1","timestamp":"2025-07-20T13:49:06.879Z"}
{"level":"error","message":"500 - sessionService.getActiveSessionsForUser is not a function - /api/auth/login - POST - ::1","timestamp":"2025-07-20T13:49:09.503Z"}
{"level":"info","message":"Starting server initialization...","timestamp":"2025-07-20T13:49:47.743Z"}
{"level":"info","message":"Connected to MongoDB: mongodb://localhost:27017/secure-auth-full-stack","timestamp":"2025-07-20T13:49:47.797Z"}
{"level":"info","message":"Redis connecting...","timestamp":"2025-07-20T13:49:47.821Z"}
{"level":"info","message":"Redis connection ready","timestamp":"2025-07-20T13:49:47.834Z"}
{"level":"info","message":"✅ Redis connected successfully","timestamp":"2025-07-20T13:49:47.837Z"}
{"level":"info","message":"Redis initialized successfully","timestamp":"2025-07-20T13:49:47.838Z"}
{"level":"info","message":"🚀 Server is running on port 9000","timestamp":"2025-07-20T13:49:47.844Z"}
{"level":"info","message":"📊 Environment: development","timestamp":"2025-07-20T13:49:47.846Z"}
{"level":"info","message":"💾 Database is connected to MongoDB","timestamp":"2025-07-20T13:49:47.847Z"}
{"level":"info","message":"🔴 Redis is connected and ready","timestamp":"2025-07-20T13:49:47.848Z"}
{"level":"info","message":"📍 Health check available at: http://localhost:9000/health","timestamp":"2025-07-20T13:49:47.849Z"}
{"level":"info","message":"🔗 API base URL: http://localhost:9000/api","timestamp":"2025-07-20T13:49:47.849Z"}
{"level":"info","message":"Server listening on port 9000","timestamp":"2025-07-20T13:49:47.850Z"}
{"level":"info","message":"User login successful: shams@gmail.com from desktop","timestamp":"2025-07-20T13:49:52.882Z"}
{"level":"info","message":"Starting server initialization...","timestamp":"2025-07-20T15:11:08.296Z"}
{"level":"info","message":"Connected to MongoDB: mongodb://localhost:27017/secure-auth-full-stack","timestamp":"2025-07-20T15:11:08.346Z"}
{"level":"info","message":"Redis connecting...","timestamp":"2025-07-20T15:11:08.372Z"}
{"level":"info","message":"Redis connection ready","timestamp":"2025-07-20T15:11:08.385Z"}
{"level":"info","message":"✅ Redis connected successfully","timestamp":"2025-07-20T15:11:08.397Z"}
{"level":"info","message":"Redis initialized successfully","timestamp":"2025-07-20T15:11:08.398Z"}
{"level":"info","message":"🚀 Server is running on port 9000","timestamp":"2025-07-20T15:11:08.403Z"}
{"level":"info","message":"📊 Environment: development","timestamp":"2025-07-20T15:11:08.404Z"}
{"level":"info","message":"💾 Database is connected to MongoDB","timestamp":"2025-07-20T15:11:08.405Z"}
{"level":"info","message":"🔴 Redis is connected and ready","timestamp":"2025-07-20T15:11:08.406Z"}
{"level":"info","message":"📍 Health check available at: http://localhost:9000/health","timestamp":"2025-07-20T15:11:08.406Z"}
{"level":"info","message":"🔗 API base URL: http://localhost:9000/api","timestamp":"2025-07-20T15:11:08.407Z"}
{"level":"info","message":"Server listening on port 9000","timestamp":"2025-07-20T15:11:08.407Z"}
{"level":"info","message":"User login successful: shams@gmail.com from desktop","timestamp":"2025-07-20T15:19:33.378Z"}
{"level":"info","message":"Starting server initialization...","timestamp":"2025-07-20T17:16:47.013Z"}
{"level":"info","message":"Connected to MongoDB: mongodb://localhost:27017/secure-auth-full-stack","timestamp":"2025-07-20T17:16:47.068Z"}
{"level":"info","message":"Redis connecting...","timestamp":"2025-07-20T17:16:47.104Z"}
{"level":"info","message":"Redis connection ready","timestamp":"2025-07-20T17:16:47.115Z"}
{"level":"info","message":"✅ Redis connected successfully","timestamp":"2025-07-20T17:16:47.127Z"}
{"level":"info","message":"Redis initialized successfully","timestamp":"2025-07-20T17:16:47.128Z"}
{"level":"info","message":"🚀 Server is running on port 9000","timestamp":"2025-07-20T17:16:47.133Z"}
{"level":"info","message":"📊 Environment: development","timestamp":"2025-07-20T17:16:47.133Z"}
{"level":"info","message":"💾 Database is connected to MongoDB","timestamp":"2025-07-20T17:16:47.134Z"}
{"level":"info","message":"🔴 Redis is connected and ready","timestamp":"2025-07-20T17:16:47.134Z"}
{"level":"info","message":"📍 Health check available at: http://localhost:9000/health","timestamp":"2025-07-20T17:16:47.134Z"}
{"level":"info","message":"🔗 API base URL: http://localhost:9000/api","timestamp":"2025-07-20T17:16:47.134Z"}
{"level":"info","message":"Server listening on port 9000","timestamp":"2025-07-20T17:16:47.135Z"}
{"level":"info","message":"Starting server initialization...","timestamp":"2025-07-20T17:17:24.089Z"}
{"level":"info","message":"Connected to MongoDB: mongodb://localhost:27017/secure-auth-full-stack","timestamp":"2025-07-20T17:17:24.174Z"}
{"level":"info","message":"Redis connecting...","timestamp":"2025-07-20T17:17:24.222Z"}
{"level":"info","message":"Redis connection ready","timestamp":"2025-07-20T17:17:24.240Z"}
{"level":"info","message":"✅ Redis connected successfully","timestamp":"2025-07-20T17:17:24.257Z"}
{"level":"info","message":"Redis initialized successfully","timestamp":"2025-07-20T17:17:24.259Z"}
{"level":"info","message":"🚀 Server is running on port 9000","timestamp":"2025-07-20T17:17:24.265Z"}
{"level":"info","message":"📊 Environment: development","timestamp":"2025-07-20T17:17:24.267Z"}
{"level":"info","message":"💾 Database is connected to MongoDB","timestamp":"2025-07-20T17:17:24.268Z"}
{"level":"info","message":"🔴 Redis is connected and ready","timestamp":"2025-07-20T17:17:24.269Z"}
{"level":"info","message":"📍 Health check available at: http://localhost:9000/health","timestamp":"2025-07-20T17:17:24.270Z"}
{"level":"info","message":"🔗 API base URL: http://localhost:9000/api","timestamp":"2025-07-20T17:17:24.270Z"}
{"level":"info","message":"Server listening on port 9000","timestamp":"2025-07-20T17:17:24.271Z"}
{"level":"info","message":"Starting server initialization...","timestamp":"2025-07-20T17:18:15.045Z"}
{"level":"info","message":"Connected to MongoDB: mongodb://localhost:27017/secure-auth-full-stack","timestamp":"2025-07-20T17:18:15.105Z"}
{"level":"info","message":"Redis connecting...","timestamp":"2025-07-20T17:18:15.124Z"}
{"level":"info","message":"Redis connection ready","timestamp":"2025-07-20T17:18:15.129Z"}
{"level":"info","message":"✅ Redis connected successfully","timestamp":"2025-07-20T17:18:15.133Z"}
{"level":"info","message":"Starting server initialization...","timestamp":"2025-07-20T17:20:35.351Z"}
{"level":"info","message":"Connected to MongoDB: mongodb://localhost:27017/secure-auth-full-stack","timestamp":"2025-07-20T17:20:35.401Z"}
{"level":"info","message":"Starting server initialization...","timestamp":"2025-07-20T17:20:35.385Z"}
{"level":"info","message":"Redis connecting...","timestamp":"2025-07-20T17:20:35.428Z"}
{"level":"info","message":"Connected to MongoDB: mongodb://localhost:27017/secure-auth-full-stack","timestamp":"2025-07-20T17:20:35.431Z"}
{"level":"info","message":"Redis connection ready","timestamp":"2025-07-20T17:20:35.438Z"}
{"level":"info","message":"Redis connecting...","timestamp":"2025-07-20T17:20:35.449Z"}
{"level":"info","message":"Redis connection ready","timestamp":"2025-07-20T17:20:35.459Z"}
{"level":"info","message":"✅ Redis connected successfully","timestamp":"2025-07-20T17:20:35.467Z"}
{"level":"info","message":"✅ Redis connected successfully","timestamp":"2025-07-20T17:20:35.446Z"}
{"level":"info","message":"Redis initialized successfully","timestamp":"2025-07-20T17:20:35.447Z"}
{"level":"info","message":"🚀 Server is running on port 9000","timestamp":"2025-07-20T17:20:35.451Z"}
{"level":"info","message":"📊 Environment: development","timestamp":"2025-07-20T17:20:35.452Z"}
{"level":"info","message":"💾 Database is connected to MongoDB","timestamp":"2025-07-20T17:20:35.453Z"}
{"level":"info","message":"🔴 Redis is connected and ready","timestamp":"2025-07-20T17:20:35.454Z"}
{"level":"info","message":"📍 Health check available at: http://localhost:9000/health","timestamp":"2025-07-20T17:20:35.454Z"}
{"level":"info","message":"🔗 API base URL: http://localhost:9000/api","timestamp":"2025-07-20T17:20:35.455Z"}
{"level":"info","message":"Server listening on port 9000","timestamp":"2025-07-20T17:20:35.455Z"}
{"level":"info","message":"Received SIGTERM. Starting graceful shutdown...","timestamp":"2025-07-20T17:20:43.806Z"}
{"level":"info","message":"HTTP server closed","timestamp":"2025-07-20T17:20:43.807Z"}
{"level":"warn","message":"MongoDB disconnected","timestamp":"2025-07-20T17:20:43.825Z"}
{"level":"info","message":"MongoDB connection closed","timestamp":"2025-07-20T17:20:43.826Z"}
{"level":"info","message":"Starting server initialization...","timestamp":"2025-07-20T17:21:52.474Z"}
{"level":"info","message":"Connected to MongoDB: mongodb://localhost:27017/secure-auth-full-stack","timestamp":"2025-07-20T17:21:52.560Z"}
{"level":"info","message":"Redis connecting...","timestamp":"2025-07-20T17:21:52.593Z"}
{"level":"info","message":"Redis connection ready","timestamp":"2025-07-20T17:21:52.605Z"}
{"level":"info","message":"✅ Redis connected successfully","timestamp":"2025-07-20T17:21:52.613Z"}
{"level":"info","message":"Redis initialized successfully","timestamp":"2025-07-20T17:21:52.614Z"}
{"level":"info","message":"🚀 Server is running on port 9000","timestamp":"2025-07-20T17:21:52.619Z"}
{"level":"info","message":"📊 Environment: development","timestamp":"2025-07-20T17:21:52.620Z"}
{"level":"info","message":"💾 Database is connected to MongoDB","timestamp":"2025-07-20T17:21:52.621Z"}
{"level":"info","message":"🔴 Redis is connected and ready","timestamp":"2025-07-20T17:21:52.623Z"}
{"level":"info","message":"📍 Health check available at: http://localhost:9000/health","timestamp":"2025-07-20T17:21:52.623Z"}
{"level":"info","message":"🔗 API base URL: http://localhost:9000/api","timestamp":"2025-07-20T17:21:52.624Z"}
{"level":"info","message":"Server listening on port 9000","timestamp":"2025-07-20T17:21:52.624Z"}
{"level":"info","message":"User login successful: shams@gmail.com from desktop","timestamp":"2025-07-20T17:21:59.229Z"}
{"level":"info","message":"User login successful: shams@gmail.com from desktop","timestamp":"2025-07-20T17:22:43.095Z"}
{"level":"info","message":"Starting server initialization...","timestamp":"2025-07-20T17:27:37.107Z"}
{"level":"info","message":"Connected to MongoDB: mongodb://localhost:27017/secure-auth-full-stack","timestamp":"2025-07-20T17:27:37.229Z"}
{"level":"info","message":"Redis connecting...","timestamp":"2025-07-20T17:27:37.266Z"}
{"level":"info","message":"Redis connection ready","timestamp":"2025-07-20T17:27:37.277Z"}
{"level":"info","message":"✅ Redis connected successfully","timestamp":"2025-07-20T17:27:37.285Z"}
{"level":"info","message":"Redis initialized successfully","timestamp":"2025-07-20T17:27:37.286Z"}
{"level":"info","message":"🚀 Server is running on port 9000","timestamp":"2025-07-20T17:27:37.292Z"}
{"level":"info","message":"📊 Environment: development","timestamp":"2025-07-20T17:27:37.293Z"}
{"level":"info","message":"💾 Database is connected to MongoDB","timestamp":"2025-07-20T17:27:37.294Z"}
{"level":"info","message":"🔴 Redis is connected and ready","timestamp":"2025-07-20T17:27:37.295Z"}
{"level":"info","message":"📍 Health check available at: http://localhost:9000/health","timestamp":"2025-07-20T17:27:37.295Z"}
{"level":"info","message":"🔗 API base URL: http://localhost:9000/api","timestamp":"2025-07-20T17:27:37.296Z"}
{"level":"info","message":"Server listening on port 9000","timestamp":"2025-07-20T17:27:37.296Z"}
{"level":"info","message":"Starting server initialization...","timestamp":"2025-07-20T17:28:36.060Z"}
{"level":"info","message":"Connected to MongoDB: mongodb://localhost:27017/secure-auth-full-stack","timestamp":"2025-07-20T17:28:36.180Z"}
{"level":"info","message":"Redis connecting...","timestamp":"2025-07-20T17:28:36.208Z"}
{"level":"info","message":"Redis connection ready","timestamp":"2025-07-20T17:28:36.218Z"}
{"level":"info","message":"✅ Redis connected successfully","timestamp":"2025-07-20T17:28:36.224Z"}
{"level":"info","message":"Redis initialized successfully","timestamp":"2025-07-20T17:28:36.225Z"}
{"level":"info","message":"🚀 Server is running on port 9000","timestamp":"2025-07-20T17:28:36.230Z"}
{"level":"info","message":"📊 Environment: development","timestamp":"2025-07-20T17:28:36.231Z"}
{"level":"info","message":"💾 Database is connected to MongoDB","timestamp":"2025-07-20T17:28:36.232Z"}
{"level":"info","message":"🔴 Redis is connected and ready","timestamp":"2025-07-20T17:28:36.233Z"}
{"level":"info","message":"📍 Health check available at: http://localhost:9000/health","timestamp":"2025-07-20T17:28:36.233Z"}
{"level":"info","message":"🔗 API base URL: http://localhost:9000/api","timestamp":"2025-07-20T17:28:36.233Z"}
{"level":"info","message":"Server listening on port 9000","timestamp":"2025-07-20T17:28:36.234Z"}
{"level":"info","message":"User login: shams@gmail.com - Logged out from all other devices/sessions","timestamp":"2025-07-20T17:33:04.441Z"}
{"level":"info","message":"User login successful: shams@gmail.com from desktop","timestamp":"2025-07-20T17:33:04.476Z"}
{"level":"info","message":"User login: shams@gmail.com - Logged out from all other devices/sessions","timestamp":"2025-07-20T17:33:26.161Z"}
{"level":"info","message":"User login successful: shams@gmail.com from desktop","timestamp":"2025-07-20T17:33:26.174Z"}
{"level":"info","message":"User login: shams@gmail.com - Logged out from all other devices/sessions","timestamp":"2025-07-20T17:33:46.689Z"}
{"level":"info","message":"User login successful: shams@gmail.com from desktop","timestamp":"2025-07-20T17:33:46.703Z"}
{"level":"info","message":"User login: shams@gmail.com - Logged out from all other devices/sessions","timestamp":"2025-07-20T17:37:24.108Z"}
{"level":"info","message":"User login successful: shams@gmail.com from desktop","timestamp":"2025-07-20T17:37:24.117Z"}
{"level":"info","message":"User login: shams@gmail.com - Logged out from all other devices/sessions","timestamp":"2025-07-20T17:37:53.864Z"}
{"level":"info","message":"User login successful: shams@gmail.com from desktop","timestamp":"2025-07-20T17:37:53.875Z"}
{"level":"info","message":"Starting server initialization...","timestamp":"2025-07-20T17:56:37.336Z"}
{"level":"info","message":"Connected to MongoDB: mongodb://localhost:27017/secure-auth-full-stack","timestamp":"2025-07-20T17:56:37.375Z"}
{"level":"info","message":"Redis connecting...","timestamp":"2025-07-20T17:56:37.389Z"}
{"level":"info","message":"Redis connection ready","timestamp":"2025-07-20T17:56:37.393Z"}
{"level":"info","message":"✅ Redis connected successfully","timestamp":"2025-07-20T17:56:37.396Z"}
{"level":"info","message":"Redis initialized successfully","timestamp":"2025-07-20T17:56:37.397Z"}
{"level":"info","message":"🚀 Server is running on port 9000","timestamp":"2025-07-20T17:56:37.399Z"}
{"level":"info","message":"📊 Environment: development","timestamp":"2025-07-20T17:56:37.399Z"}
{"level":"info","message":"💾 Database is connected to MongoDB","timestamp":"2025-07-20T17:56:37.400Z"}
{"level":"info","message":"🔴 Redis is connected and ready","timestamp":"2025-07-20T17:56:37.400Z"}
{"level":"info","message":"📍 Health check available at: http://localhost:9000/health","timestamp":"2025-07-20T17:56:37.400Z"}
{"level":"info","message":"🔗 API base URL: http://localhost:9000/api","timestamp":"2025-07-20T17:56:37.401Z"}
{"level":"info","message":"Server listening on port 9000","timestamp":"2025-07-20T17:56:37.401Z"}
{"level":"info","message":"Starting server initialization...","timestamp":"2025-07-20T17:56:51.933Z"}
{"level":"info","message":"Connected to MongoDB: mongodb://localhost:27017/secure-auth-full-stack","timestamp":"2025-07-20T17:56:51.953Z"}
{"level":"info","message":"Redis connecting...","timestamp":"2025-07-20T17:56:51.962Z"}
{"level":"info","message":"Redis connection ready","timestamp":"2025-07-20T17:56:51.966Z"}
{"level":"info","message":"✅ Redis connected successfully","timestamp":"2025-07-20T17:56:51.969Z"}
{"level":"info","message":"Redis initialized successfully","timestamp":"2025-07-20T17:56:51.969Z"}
{"level":"info","message":"🚀 Server is running on port 9000","timestamp":"2025-07-20T17:56:51.971Z"}
{"level":"info","message":"📊 Environment: development","timestamp":"2025-07-20T17:56:51.972Z"}
{"level":"info","message":"💾 Database is connected to MongoDB","timestamp":"2025-07-20T17:56:51.972Z"}
{"level":"info","message":"🔴 Redis is connected and ready","timestamp":"2025-07-20T17:56:51.972Z"}
{"level":"info","message":"📍 Health check available at: http://localhost:9000/health","timestamp":"2025-07-20T17:56:51.972Z"}
{"level":"info","message":"🔗 API base URL: http://localhost:9000/api","timestamp":"2025-07-20T17:56:51.972Z"}
{"level":"info","message":"Server listening on port 9000","timestamp":"2025-07-20T17:56:51.972Z"}
{"level":"info","message":"Starting server initialization...","timestamp":"2025-07-20T17:57:04.358Z"}
{"level":"info","message":"Connected to MongoDB: mongodb://localhost:27017/secure-auth-full-stack","timestamp":"2025-07-20T17:57:04.379Z"}
{"level":"info","message":"Redis connecting...","timestamp":"2025-07-20T17:57:04.386Z"}
{"level":"info","message":"Redis connection ready","timestamp":"2025-07-20T17:57:04.389Z"}
{"level":"info","message":"✅ Redis connected successfully","timestamp":"2025-07-20T17:57:04.392Z"}
{"level":"info","message":"Redis initialized successfully","timestamp":"2025-07-20T17:57:04.392Z"}
{"level":"info","message":"🚀 Server is running on port 9000","timestamp":"2025-07-20T17:57:04.393Z"}
{"level":"info","message":"📊 Environment: development","timestamp":"2025-07-20T17:57:04.393Z"}
{"level":"info","message":"💾 Database is connected to MongoDB","timestamp":"2025-07-20T17:57:04.394Z"}
{"level":"info","message":"🔴 Redis is connected and ready","timestamp":"2025-07-20T17:57:04.394Z"}
{"level":"info","message":"📍 Health check available at: http://localhost:9000/health","timestamp":"2025-07-20T17:57:04.394Z"}
{"level":"info","message":"🔗 API base URL: http://localhost:9000/api","timestamp":"2025-07-20T17:57:04.394Z"}
{"level":"info","message":"Server listening on port 9000","timestamp":"2025-07-20T17:57:04.394Z"}
{"level":"info","message":"Starting server initialization...","timestamp":"2025-07-20T17:57:39.677Z"}
{"level":"info","message":"Connected to MongoDB: mongodb://localhost:27017/secure-auth-full-stack","timestamp":"2025-07-20T17:57:39.715Z"}
{"level":"info","message":"Redis connecting...","timestamp":"2025-07-20T17:57:39.726Z"}
{"level":"info","message":"Redis connection ready","timestamp":"2025-07-20T17:57:39.729Z"}
{"level":"info","message":"✅ Redis connected successfully","timestamp":"2025-07-20T17:57:39.731Z"}
{"level":"info","message":"Redis initialized successfully","timestamp":"2025-07-20T17:57:39.732Z"}
{"level":"info","message":"🚀 Server is running on port 9000","timestamp":"2025-07-20T17:57:39.733Z"}
{"level":"info","message":"📊 Environment: development","timestamp":"2025-07-20T17:57:39.734Z"}
{"level":"info","message":"💾 Database is connected to MongoDB","timestamp":"2025-07-20T17:57:39.734Z"}
{"level":"info","message":"🔴 Redis is connected and ready","timestamp":"2025-07-20T17:57:39.734Z"}
{"level":"info","message":"📍 Health check available at: http://localhost:9000/health","timestamp":"2025-07-20T17:57:39.734Z"}
{"level":"info","message":"🔗 API base URL: http://localhost:9000/api","timestamp":"2025-07-20T17:57:39.734Z"}
{"level":"info","message":"Server listening on port 9000","timestamp":"2025-07-20T17:57:39.734Z"}
{"level":"info","message":"Starting server initialization...","timestamp":"2025-07-20T17:59:04.297Z"}
{"level":"info","message":"Connected to MongoDB: mongodb://localhost:27017/secure-auth-full-stack","timestamp":"2025-07-20T17:59:04.329Z"}
{"level":"info","message":"Redis connecting...","timestamp":"2025-07-20T17:59:04.338Z"}
{"level":"info","message":"Redis connection ready","timestamp":"2025-07-20T17:59:04.342Z"}
{"level":"info","message":"✅ Redis connected successfully","timestamp":"2025-07-20T17:59:04.345Z"}
{"level":"info","message":"Redis initialized successfully","timestamp":"2025-07-20T17:59:04.345Z"}
{"level":"info","message":"🚀 Server is running on port 9000","timestamp":"2025-07-20T17:59:04.347Z"}
{"level":"info","message":"📊 Environment: development","timestamp":"2025-07-20T17:59:04.347Z"}
{"level":"info","message":"💾 Database is connected to MongoDB","timestamp":"2025-07-20T17:59:04.347Z"}
{"level":"info","message":"🔴 Redis is connected and ready","timestamp":"2025-07-20T17:59:04.347Z"}
{"level":"info","message":"📍 Health check available at: http://localhost:9000/health","timestamp":"2025-07-20T17:59:04.347Z"}
{"level":"info","message":"🔗 API base URL: http://localhost:9000/api","timestamp":"2025-07-20T17:59:04.347Z"}
{"level":"info","message":"Server listening on port 9000","timestamp":"2025-07-20T17:59:04.348Z"}
{"level":"info","message":"Starting server initialization...","timestamp":"2025-07-20T18:01:42.577Z"}
{"level":"info","message":"Connected to MongoDB: mongodb://localhost:27017/secure-auth-full-stack","timestamp":"2025-07-20T18:01:42.603Z"}
{"level":"info","message":"Redis connecting...","timestamp":"2025-07-20T18:01:42.613Z"}
{"level":"info","message":"Redis connection ready","timestamp":"2025-07-20T18:01:42.617Z"}
{"level":"info","message":"✅ Redis connected successfully","timestamp":"2025-07-20T18:01:42.620Z"}
{"level":"info","message":"Redis initialized successfully","timestamp":"2025-07-20T18:01:42.621Z"}
{"level":"info","message":"🚀 Server is running on port 9000","timestamp":"2025-07-20T18:01:42.622Z"}
{"level":"info","message":"📊 Environment: development","timestamp":"2025-07-20T18:01:42.622Z"}
{"level":"info","message":"💾 Database is connected to MongoDB","timestamp":"2025-07-20T18:01:42.622Z"}
{"level":"info","message":"🔴 Redis is connected and ready","timestamp":"2025-07-20T18:01:42.623Z"}
{"level":"info","message":"📍 Health check available at: http://localhost:9000/health","timestamp":"2025-07-20T18:01:42.623Z"}
{"level":"info","message":"🔗 API base URL: http://localhost:9000/api","timestamp":"2025-07-20T18:01:42.623Z"}
{"level":"info","message":"Server listening on port 9000","timestamp":"2025-07-20T18:01:42.623Z"}
{"level":"info","message":"Starting server initialization...","timestamp":"2025-07-20T18:02:31.741Z"}
{"level":"info","message":"Connected to MongoDB: mongodb://localhost:27017/secure-auth-full-stack","timestamp":"2025-07-20T18:02:31.767Z"}
{"level":"info","message":"Redis connecting...","timestamp":"2025-07-20T18:02:31.778Z"}
{"level":"info","message":"Redis connection ready","timestamp":"2025-07-20T18:02:31.784Z"}
{"level":"info","message":"✅ Redis connected successfully","timestamp":"2025-07-20T18:02:31.787Z"}
{"level":"info","message":"Redis initialized successfully","timestamp":"2025-07-20T18:02:31.787Z"}
{"level":"info","message":"🚀 Server is running on port 9000","timestamp":"2025-07-20T18:02:31.788Z"}
{"level":"info","message":"📊 Environment: development","timestamp":"2025-07-20T18:02:31.789Z"}
{"level":"info","message":"💾 Database is connected to MongoDB","timestamp":"2025-07-20T18:02:31.789Z"}
{"level":"info","message":"🔴 Redis is connected and ready","timestamp":"2025-07-20T18:02:31.789Z"}
{"level":"info","message":"📍 Health check available at: http://localhost:9000/health","timestamp":"2025-07-20T18:02:31.789Z"}
{"level":"info","message":"🔗 API base URL: http://localhost:9000/api","timestamp":"2025-07-20T18:02:31.789Z"}
{"level":"info","message":"Server listening on port 9000","timestamp":"2025-07-20T18:02:31.790Z"}
{"level":"info","message":"Starting server initialization...","timestamp":"2025-07-20T18:04:25.257Z"}
{"level":"info","message":"Connected to MongoDB: mongodb://localhost:27017/secure-auth-full-stack","timestamp":"2025-07-20T18:04:25.284Z"}
{"level":"info","message":"Redis connecting...","timestamp":"2025-07-20T18:04:25.292Z"}
{"level":"info","message":"Redis connection ready","timestamp":"2025-07-20T18:04:25.295Z"}
{"level":"info","message":"✅ Redis connected successfully","timestamp":"2025-07-20T18:04:25.296Z"}
{"level":"info","message":"Redis initialized successfully","timestamp":"2025-07-20T18:04:25.297Z"}
{"level":"info","message":"🚀 Server is running on port 9000","timestamp":"2025-07-20T18:04:25.299Z"}
{"level":"info","message":"📊 Environment: development","timestamp":"2025-07-20T18:04:25.299Z"}
{"level":"info","message":"💾 Database is connected to MongoDB","timestamp":"2025-07-20T18:04:25.300Z"}
{"level":"info","message":"🔴 Redis is connected and ready","timestamp":"2025-07-20T18:04:25.300Z"}
{"level":"info","message":"📍 Health check available at: http://localhost:9000/health","timestamp":"2025-07-20T18:04:25.300Z"}
{"level":"info","message":"🔗 API base URL: http://localhost:9000/api","timestamp":"2025-07-20T18:04:25.300Z"}
{"level":"info","message":"Server listening on port 9000","timestamp":"2025-07-20T18:04:25.301Z"}
{"level":"info","message":"Starting server initialization...","timestamp":"2025-07-20T18:06:43.394Z"}
{"level":"info","message":"Connected to MongoDB: mongodb://localhost:27017/secure-auth-full-stack","timestamp":"2025-07-20T18:06:43.417Z"}
{"level":"info","message":"Redis connecting...","timestamp":"2025-07-20T18:06:43.426Z"}
{"level":"info","message":"Redis connection ready","timestamp":"2025-07-20T18:06:43.428Z"}
{"level":"info","message":"✅ Redis connected successfully","timestamp":"2025-07-20T18:06:43.430Z"}
{"level":"info","message":"Redis initialized successfully","timestamp":"2025-07-20T18:06:43.431Z"}
{"level":"info","message":"🚀 Server is running on port 9000","timestamp":"2025-07-20T18:06:43.432Z"}
{"level":"info","message":"📊 Environment: development","timestamp":"2025-07-20T18:06:43.432Z"}
{"level":"info","message":"💾 Database is connected to MongoDB","timestamp":"2025-07-20T18:06:43.432Z"}
{"level":"info","message":"🔴 Redis is connected and ready","timestamp":"2025-07-20T18:06:43.432Z"}
{"level":"info","message":"📍 Health check available at: http://localhost:9000/health","timestamp":"2025-07-20T18:06:43.433Z"}
{"level":"info","message":"🔗 API base URL: http://localhost:9000/api","timestamp":"2025-07-20T18:06:43.433Z"}
{"level":"info","message":"Server listening on port 9000","timestamp":"2025-07-20T18:06:43.433Z"}
{"level":"info","message":"Starting server initialization...","timestamp":"2025-07-20T18:06:53.912Z"}
{"level":"info","message":"Connected to MongoDB: mongodb://localhost:27017/secure-auth-full-stack","timestamp":"2025-07-20T18:06:53.935Z"}
{"level":"info","message":"Redis connecting...","timestamp":"2025-07-20T18:06:53.944Z"}
{"level":"info","message":"Redis connection ready","timestamp":"2025-07-20T18:06:53.948Z"}
{"level":"info","message":"✅ Redis connected successfully","timestamp":"2025-07-20T18:06:53.949Z"}
{"level":"info","message":"Redis initialized successfully","timestamp":"2025-07-20T18:06:53.950Z"}
{"level":"info","message":"🚀 Server is running on port 9000","timestamp":"2025-07-20T18:06:53.951Z"}
{"level":"info","message":"📊 Environment: development","timestamp":"2025-07-20T18:06:53.951Z"}
{"level":"info","message":"💾 Database is connected to MongoDB","timestamp":"2025-07-20T18:06:53.952Z"}
{"level":"info","message":"🔴 Redis is connected and ready","timestamp":"2025-07-20T18:06:53.952Z"}
{"level":"info","message":"📍 Health check available at: http://localhost:9000/health","timestamp":"2025-07-20T18:06:53.952Z"}
{"level":"info","message":"🔗 API base URL: http://localhost:9000/api","timestamp":"2025-07-20T18:06:53.952Z"}
{"level":"info","message":"Server listening on port 9000","timestamp":"2025-07-20T18:06:53.952Z"}
{"level":"info","message":"Starting server initialization...","timestamp":"2025-07-20T18:07:02.589Z"}
{"level":"info","message":"Connected to MongoDB: mongodb://localhost:27017/secure-auth-full-stack","timestamp":"2025-07-20T18:07:02.613Z"}
{"level":"info","message":"Redis connecting...","timestamp":"2025-07-20T18:07:02.625Z"}
{"level":"info","message":"Redis connection ready","timestamp":"2025-07-20T18:07:02.631Z"}
{"level":"info","message":"✅ Redis connected successfully","timestamp":"2025-07-20T18:07:02.634Z"}
{"level":"info","message":"Redis initialized successfully","timestamp":"2025-07-20T18:07:02.635Z"}
{"level":"info","message":"🚀 Server is running on port 9000","timestamp":"2025-07-20T18:07:02.636Z"}
{"level":"info","message":"📊 Environment: development","timestamp":"2025-07-20T18:07:02.636Z"}
{"level":"info","message":"💾 Database is connected to MongoDB","timestamp":"2025-07-20T18:07:02.636Z"}
{"level":"info","message":"🔴 Redis is connected and ready","timestamp":"2025-07-20T18:07:02.636Z"}
{"level":"info","message":"📍 Health check available at: http://localhost:9000/health","timestamp":"2025-07-20T18:07:02.637Z"}
{"level":"info","message":"🔗 API base URL: http://localhost:9000/api","timestamp":"2025-07-20T18:07:02.637Z"}
{"level":"info","message":"Server listening on port 9000","timestamp":"2025-07-20T18:07:02.637Z"}
{"level":"info","message":"Starting server initialization...","timestamp":"2025-07-20T18:07:19.258Z"}
{"level":"info","message":"Connected to MongoDB: mongodb://localhost:27017/secure-auth-full-stack","timestamp":"2025-07-20T18:07:19.279Z"}
{"level":"info","message":"Redis connecting...","timestamp":"2025-07-20T18:07:19.284Z"}
{"level":"info","message":"Redis connection ready","timestamp":"2025-07-20T18:07:19.293Z"}
{"level":"info","message":"✅ Redis connected successfully","timestamp":"2025-07-20T18:07:19.295Z"}
{"level":"info","message":"Redis initialized successfully","timestamp":"2025-07-20T18:07:19.296Z"}
{"level":"info","message":"🚀 Server is running on port 9000","timestamp":"2025-07-20T18:07:19.297Z"}
{"level":"info","message":"📊 Environment: development","timestamp":"2025-07-20T18:07:19.298Z"}
{"level":"info","message":"💾 Database is connected to MongoDB","timestamp":"2025-07-20T18:07:19.298Z"}
{"level":"info","message":"🔴 Redis is connected and ready","timestamp":"2025-07-20T18:07:19.299Z"}
{"level":"info","message":"📍 Health check available at: http://localhost:9000/health","timestamp":"2025-07-20T18:07:19.299Z"}
{"level":"info","message":"🔗 API base URL: http://localhost:9000/api","timestamp":"2025-07-20T18:07:19.299Z"}
{"level":"info","message":"Server listening on port 9000","timestamp":"2025-07-20T18:07:19.299Z"}
{"level":"info","message":"User login: shams@gmail.com - Logged out from all other devices/sessions","timestamp":"2025-07-20T18:09:19.975Z"}
{"level":"info","message":"User login successful: shams@gmail.com from desktop","timestamp":"2025-07-20T18:09:19.989Z"}
{"level":"info","message":"User login: shams@gmail.com - Logged out from all other devices/sessions","timestamp":"2025-07-20T18:10:25.654Z"}
{"level":"info","message":"User login successful: shams@gmail.com from desktop","timestamp":"2025-07-20T18:10:25.659Z"}
{"level":"info","message":"User login: shams@gmail.com - Logged out from all other devices/sessions","timestamp":"2025-07-20T18:10:38.199Z"}
{"level":"info","message":"User login successful: shams@gmail.com from desktop","timestamp":"2025-07-20T18:10:38.203Z"}
{"level":"info","message":"User login: shams@gmail.com - Logged out from all other devices/sessions","timestamp":"2025-07-20T18:11:28.962Z"}
{"level":"info","message":"User login successful: shams@gmail.com from desktop","timestamp":"2025-07-20T18:11:28.967Z"}
{"level":"info","message":"Received SIGINT. Starting graceful shutdown...","timestamp":"2025-07-20T18:14:52.512Z"}
{"level":"info","message":"HTTP server closed","timestamp":"2025-07-20T18:14:52.514Z"}
{"level":"warn","message":"MongoDB disconnected","timestamp":"2025-07-20T18:14:52.521Z"}
{"level":"info","message":"MongoDB connection closed","timestamp":"2025-07-20T18:14:52.522Z"}
